{"C:\\Users\\Elena\\Лена\\Фронтенд\\FrontendMentor\\Intro-component\\src\\Versions\\legacy\\components\\ui\\EyeIcon\\EyeIcon.jsx": {"path":"C:\\Users\\Elena\\Лена\\Фронтенд\\FrontendMentor\\Intro-component\\src\\Versions\\legacy\\components\\ui\\EyeIcon\\EyeIcon.jsx","all":false,"statementMap":{"0":{"start":{"line":1,"column":0},"end":{"line":1,"column":26}},"1":{"start":{"line":2,"column":0},"end":{"line":2,"column":0}},"2":{"start":{"line":3,"column":0},"end":{"line":3,"column":41}},"3":{"start":{"line":4,"column":0},"end":{"line":4,"column":6}},"4":{"start":{"line":5,"column":0},"end":{"line":5,"column":38}},"5":{"start":{"line":6,"column":0},"end":{"line":6,"column":23}},"6":{"start":{"line":7,"column":0},"end":{"line":7,"column":40}},"7":{"start":{"line":8,"column":0},"end":{"line":8,"column":23}},"8":{"start":{"line":9,"column":0},"end":{"line":9,"column":18}},"9":{"start":{"line":10,"column":0},"end":{"line":10,"column":3}},"10":{"start":{"line":11,"column":0},"end":{"line":11,"column":294}},"11":{"start":{"line":12,"column":0},"end":{"line":12,"column":101}},"12":{"start":{"line":13,"column":0},"end":{"line":13,"column":8}},"13":{"start":{"line":14,"column":0},"end":{"line":14,"column":2}},"14":{"start":{"line":15,"column":0},"end":{"line":15,"column":0}},"15":{"start":{"line":16,"column":0},"end":{"line":16,"column":23}}},"s":{"0":1,"1":1,"2":1,"3":7,"4":7,"5":7,"6":7,"7":7,"8":7,"9":7,"10":7,"11":7,"12":7,"13":1,"14":1,"15":1},"branchMap":{"0":{"type":"branch","line":3,"loc":{"start":{"line":3,"column":16},"end":{"line":13,"column":8}},"locations":[{"start":{"line":3,"column":16},"end":{"line":13,"column":8}}]}},"b":{"0":[7]},"fnMap":{"0":{"name":"EyeIcon","decl":{"start":{"line":3,"column":16},"end":{"line":13,"column":8}},"loc":{"start":{"line":3,"column":16},"end":{"line":13,"column":8}},"line":3}},"f":{"0":7}}
,"C:\\Users\\Elena\\Лена\\Фронтенд\\FrontendMentor\\Intro-component\\src\\Versions\\legacy\\components\\ui\\Form\\Form.jsx": {"path":"C:\\Users\\Elena\\Лена\\Фронтенд\\FrontendMentor\\Intro-component\\src\\Versions\\legacy\\components\\ui\\Form\\Form.jsx","all":false,"statementMap":{"0":{"start":{"line":1,"column":0},"end":{"line":1,"column":33}},"1":{"start":{"line":2,"column":0},"end":{"line":2,"column":59}},"2":{"start":{"line":3,"column":0},"end":{"line":3,"column":65}},"3":{"start":{"line":4,"column":0},"end":{"line":4,"column":61}},"4":{"start":{"line":5,"column":0},"end":{"line":5,"column":47}},"5":{"start":{"line":6,"column":0},"end":{"line":6,"column":41}},"6":{"start":{"line":7,"column":0},"end":{"line":7,"column":51}},"7":{"start":{"line":8,"column":0},"end":{"line":8,"column":49}},"8":{"start":{"line":9,"column":0},"end":{"line":9,"column":54}},"9":{"start":{"line":10,"column":0},"end":{"line":10,"column":90}},"10":{"start":{"line":11,"column":0},"end":{"line":11,"column":22}},"11":{"start":{"line":12,"column":0},"end":{"line":12,"column":0}},"12":{"start":{"line":13,"column":0},"end":{"line":13,"column":20}},"13":{"start":{"line":14,"column":0},"end":{"line":14,"column":10}},"14":{"start":{"line":15,"column":0},"end":{"line":15,"column":21}},"15":{"start":{"line":16,"column":0},"end":{"line":16,"column":42}},"16":{"start":{"line":17,"column":0},"end":{"line":17,"column":26}},"17":{"start":{"line":18,"column":0},"end":{"line":18,"column":4}},"18":{"start":{"line":19,"column":0},"end":{"line":19,"column":13}},"19":{"start":{"line":20,"column":0},"end":{"line":20,"column":36}},"20":{"start":{"line":21,"column":0},"end":{"line":21,"column":43}},"21":{"start":{"line":22,"column":0},"end":{"line":22,"column":25}},"22":{"start":{"line":23,"column":0},"end":{"line":23,"column":4}},"23":{"start":{"line":24,"column":0},"end":{"line":24,"column":2}},"24":{"start":{"line":25,"column":0},"end":{"line":25,"column":0}},"25":{"start":{"line":26,"column":0},"end":{"line":26,"column":20}},"26":{"start":{"line":27,"column":0},"end":{"line":27,"column":10}},"27":{"start":{"line":28,"column":0},"end":{"line":28,"column":68}},"28":{"start":{"line":29,"column":0},"end":{"line":29,"column":56}},"29":{"start":{"line":30,"column":0},"end":{"line":30,"column":56}},"30":{"start":{"line":31,"column":0},"end":{"line":31,"column":0}},"31":{"start":{"line":32,"column":0},"end":{"line":32,"column":9}},"32":{"start":{"line":33,"column":0},"end":{"line":33,"column":51}},"33":{"start":{"line":34,"column":0},"end":{"line":34,"column":0}},"34":{"start":{"line":35,"column":0},"end":{"line":35,"column":15}},"35":{"start":{"line":36,"column":0},"end":{"line":36,"column":79}},"36":{"start":{"line":37,"column":0},"end":{"line":37,"column":77}},"37":{"start":{"line":38,"column":0},"end":{"line":38,"column":71}},"38":{"start":{"line":39,"column":0},"end":{"line":39,"column":80}},"39":{"start":{"line":40,"column":0},"end":{"line":40,"column":0}},"40":{"start":{"line":41,"column":0},"end":{"line":41,"column":13}},"41":{"start":{"line":42,"column":0},"end":{"line":42,"column":42}},"42":{"start":{"line":43,"column":0},"end":{"line":43,"column":45}},"43":{"start":{"line":44,"column":0},"end":{"line":44,"column":4}},"44":{"start":{"line":45,"column":0},"end":{"line":45,"column":0}},"45":{"start":{"line":46,"column":0},"end":{"line":46,"column":32}},"46":{"start":{"line":47,"column":0},"end":{"line":47,"column":61}},"47":{"start":{"line":48,"column":0},"end":{"line":48,"column":32}},"48":{"start":{"line":49,"column":0},"end":{"line":49,"column":27}},"49":{"start":{"line":50,"column":0},"end":{"line":50,"column":7}},"50":{"start":{"line":51,"column":0},"end":{"line":51,"column":33}},"51":{"start":{"line":52,"column":0},"end":{"line":52,"column":4}},"52":{"start":{"line":53,"column":0},"end":{"line":53,"column":0}},"53":{"start":{"line":54,"column":0},"end":{"line":54,"column":37}},"54":{"start":{"line":55,"column":0},"end":{"line":55,"column":84}},"55":{"start":{"line":56,"column":0},"end":{"line":56,"column":4}},"56":{"start":{"line":57,"column":0},"end":{"line":57,"column":0}},"57":{"start":{"line":58,"column":0},"end":{"line":58,"column":30}},"58":{"start":{"line":59,"column":0},"end":{"line":59,"column":51}},"59":{"start":{"line":60,"column":0},"end":{"line":60,"column":26}},"60":{"start":{"line":61,"column":0},"end":{"line":61,"column":0}},"61":{"start":{"line":62,"column":0},"end":{"line":62,"column":48}},"62":{"start":{"line":63,"column":0},"end":{"line":63,"column":0}},"63":{"start":{"line":64,"column":0},"end":{"line":64,"column":56}},"64":{"start":{"line":65,"column":0},"end":{"line":65,"column":27}},"65":{"start":{"line":66,"column":0},"end":{"line":66,"column":27}},"66":{"start":{"line":67,"column":0},"end":{"line":67,"column":31}},"67":{"start":{"line":68,"column":0},"end":{"line":68,"column":9}},"68":{"start":{"line":69,"column":0},"end":{"line":69,"column":39}},"69":{"start":{"line":70,"column":0},"end":{"line":70,"column":0}},"70":{"start":{"line":71,"column":0},"end":{"line":71,"column":18}},"71":{"start":{"line":72,"column":0},"end":{"line":72,"column":25}},"72":{"start":{"line":73,"column":0},"end":{"line":73,"column":7}},"73":{"start":{"line":74,"column":0},"end":{"line":74,"column":0}},"74":{"start":{"line":75,"column":0},"end":{"line":75,"column":55}},"75":{"start":{"line":76,"column":0},"end":{"line":76,"column":27}},"76":{"start":{"line":77,"column":0},"end":{"line":77,"column":27}},"77":{"start":{"line":78,"column":0},"end":{"line":78,"column":31}},"78":{"start":{"line":79,"column":0},"end":{"line":79,"column":9}},"79":{"start":{"line":80,"column":0},"end":{"line":80,"column":7}},"80":{"start":{"line":81,"column":0},"end":{"line":81,"column":21}},"81":{"start":{"line":82,"column":0},"end":{"line":82,"column":4}},"82":{"start":{"line":83,"column":0},"end":{"line":83,"column":0}},"83":{"start":{"line":84,"column":0},"end":{"line":84,"column":30}},"84":{"start":{"line":85,"column":0},"end":{"line":85,"column":31}},"85":{"start":{"line":86,"column":0},"end":{"line":86,"column":29}},"86":{"start":{"line":87,"column":0},"end":{"line":87,"column":23}},"87":{"start":{"line":88,"column":0},"end":{"line":88,"column":29}},"88":{"start":{"line":89,"column":0},"end":{"line":89,"column":5}},"89":{"start":{"line":90,"column":0},"end":{"line":90,"column":0}},"90":{"start":{"line":91,"column":0},"end":{"line":91,"column":51}},"91":{"start":{"line":92,"column":0},"end":{"line":92,"column":0}},"92":{"start":{"line":93,"column":0},"end":{"line":93,"column":78}},"93":{"start":{"line":94,"column":0},"end":{"line":94,"column":0}},"94":{"start":{"line":95,"column":0},"end":{"line":95,"column":23}},"95":{"start":{"line":96,"column":0},"end":{"line":96,"column":27}},"96":{"start":{"line":97,"column":0},"end":{"line":97,"column":5}},"97":{"start":{"line":98,"column":0},"end":{"line":98,"column":4}},"98":{"start":{"line":99,"column":0},"end":{"line":99,"column":0}},"99":{"start":{"line":100,"column":0},"end":{"line":100,"column":39}},"100":{"start":{"line":101,"column":0},"end":{"line":101,"column":36}},"101":{"start":{"line":102,"column":0},"end":{"line":102,"column":4}},"102":{"start":{"line":103,"column":0},"end":{"line":103,"column":0}},"103":{"start":{"line":104,"column":0},"end":{"line":104,"column":37}},"104":{"start":{"line":105,"column":0},"end":{"line":105,"column":23}},"105":{"start":{"line":106,"column":0},"end":{"line":106,"column":0}},"106":{"start":{"line":107,"column":0},"end":{"line":107,"column":28}},"107":{"start":{"line":108,"column":0},"end":{"line":108,"column":0}},"108":{"start":{"line":109,"column":0},"end":{"line":109,"column":25}},"109":{"start":{"line":110,"column":0},"end":{"line":110,"column":0}},"110":{"start":{"line":111,"column":0},"end":{"line":111,"column":9}},"111":{"start":{"line":112,"column":0},"end":{"line":112,"column":39}},"112":{"start":{"line":113,"column":0},"end":{"line":113,"column":28}},"113":{"start":{"line":114,"column":0},"end":{"line":114,"column":0}},"114":{"start":{"line":115,"column":0},"end":{"line":115,"column":37}},"115":{"start":{"line":116,"column":0},"end":{"line":116,"column":32}},"116":{"start":{"line":117,"column":0},"end":{"line":117,"column":77}},"117":{"start":{"line":118,"column":0},"end":{"line":118,"column":35}},"118":{"start":{"line":119,"column":0},"end":{"line":119,"column":0}},"119":{"start":{"line":120,"column":0},"end":{"line":120,"column":20}},"120":{"start":{"line":121,"column":0},"end":{"line":121,"column":45}},"121":{"start":{"line":122,"column":0},"end":{"line":122,"column":34}},"122":{"start":{"line":123,"column":0},"end":{"line":123,"column":21}},"123":{"start":{"line":124,"column":0},"end":{"line":124,"column":35}},"124":{"start":{"line":125,"column":0},"end":{"line":125,"column":15}},"125":{"start":{"line":126,"column":0},"end":{"line":126,"column":28}},"126":{"start":{"line":127,"column":0},"end":{"line":127,"column":5}},"127":{"start":{"line":128,"column":0},"end":{"line":128,"column":4}},"128":{"start":{"line":129,"column":0},"end":{"line":129,"column":0}},"129":{"start":{"line":130,"column":0},"end":{"line":130,"column":70}},"130":{"start":{"line":131,"column":0},"end":{"line":131,"column":0}},"131":{"start":{"line":132,"column":0},"end":{"line":132,"column":10}},"132":{"start":{"line":133,"column":0},"end":{"line":133,"column":43}},"133":{"start":{"line":134,"column":0},"end":{"line":134,"column":21}},"134":{"start":{"line":135,"column":0},"end":{"line":135,"column":11}},"135":{"start":{"line":136,"column":0},"end":{"line":136,"column":68}},"136":{"start":{"line":137,"column":0},"end":{"line":137,"column":17}},"137":{"start":{"line":138,"column":0},"end":{"line":138,"column":33}},"138":{"start":{"line":139,"column":0},"end":{"line":139,"column":12}},"139":{"start":{"line":140,"column":0},"end":{"line":140,"column":22}},"140":{"start":{"line":141,"column":0},"end":{"line":141,"column":0}},"141":{"start":{"line":142,"column":0},"end":{"line":142,"column":53}},"142":{"start":{"line":143,"column":0},"end":{"line":143,"column":41}},"143":{"start":{"line":144,"column":0},"end":{"line":144,"column":28}},"144":{"start":{"line":145,"column":0},"end":{"line":145,"column":14}},"145":{"start":{"line":146,"column":0},"end":{"line":146,"column":24}},"146":{"start":{"line":147,"column":0},"end":{"line":147,"column":33}},"147":{"start":{"line":148,"column":0},"end":{"line":148,"column":27}},"148":{"start":{"line":149,"column":0},"end":{"line":149,"column":32}},"149":{"start":{"line":150,"column":0},"end":{"line":150,"column":40}},"150":{"start":{"line":151,"column":0},"end":{"line":151,"column":16}},"151":{"start":{"line":152,"column":0},"end":{"line":152,"column":24}},"152":{"start":{"line":153,"column":0},"end":{"line":153,"column":32}},"153":{"start":{"line":154,"column":0},"end":{"line":154,"column":27}},"154":{"start":{"line":155,"column":0},"end":{"line":155,"column":31}},"155":{"start":{"line":156,"column":0},"end":{"line":156,"column":39}},"156":{"start":{"line":157,"column":0},"end":{"line":157,"column":16}},"157":{"start":{"line":158,"column":0},"end":{"line":158,"column":15}},"158":{"start":{"line":159,"column":0},"end":{"line":159,"column":12}},"159":{"start":{"line":160,"column":0},"end":{"line":160,"column":20}},"160":{"start":{"line":161,"column":0},"end":{"line":161,"column":25}},"161":{"start":{"line":162,"column":0},"end":{"line":162,"column":24}},"162":{"start":{"line":163,"column":0},"end":{"line":163,"column":24}},"163":{"start":{"line":164,"column":0},"end":{"line":164,"column":39}},"164":{"start":{"line":165,"column":0},"end":{"line":165,"column":12}},"165":{"start":{"line":166,"column":0},"end":{"line":166,"column":20}},"166":{"start":{"line":167,"column":0},"end":{"line":167,"column":28}},"167":{"start":{"line":168,"column":0},"end":{"line":168,"column":58}},"168":{"start":{"line":169,"column":0},"end":{"line":169,"column":27}},"169":{"start":{"line":170,"column":0},"end":{"line":170,"column":34}},"170":{"start":{"line":171,"column":0},"end":{"line":171,"column":45}},"171":{"start":{"line":172,"column":0},"end":{"line":172,"column":11}},"172":{"start":{"line":173,"column":0},"end":{"line":173,"column":32}},"173":{"start":{"line":174,"column":0},"end":{"line":174,"column":18}},"174":{"start":{"line":175,"column":0},"end":{"line":175,"column":49}},"175":{"start":{"line":176,"column":0},"end":{"line":176,"column":50}},"176":{"start":{"line":177,"column":0},"end":{"line":177,"column":15}},"177":{"start":{"line":178,"column":0},"end":{"line":178,"column":24}},"178":{"start":{"line":179,"column":0},"end":{"line":179,"column":44}},"179":{"start":{"line":180,"column":0},"end":{"line":180,"column":18}},"180":{"start":{"line":181,"column":0},"end":{"line":181,"column":20}},"181":{"start":{"line":182,"column":0},"end":{"line":182,"column":14}},"182":{"start":{"line":183,"column":0},"end":{"line":183,"column":22}},"183":{"start":{"line":184,"column":0},"end":{"line":184,"column":26}},"184":{"start":{"line":185,"column":0},"end":{"line":185,"column":25}},"185":{"start":{"line":186,"column":0},"end":{"line":186,"column":34}},"186":{"start":{"line":187,"column":0},"end":{"line":187,"column":11}},"187":{"start":{"line":188,"column":0},"end":{"line":188,"column":59}},"188":{"start":{"line":189,"column":0},"end":{"line":189,"column":28}},"189":{"start":{"line":190,"column":0},"end":{"line":190,"column":14}},"190":{"start":{"line":191,"column":0},"end":{"line":191,"column":40}},"191":{"start":{"line":192,"column":0},"end":{"line":192,"column":42}},"192":{"start":{"line":193,"column":0},"end":{"line":193,"column":59}},"193":{"start":{"line":194,"column":0},"end":{"line":194,"column":81}},"194":{"start":{"line":195,"column":0},"end":{"line":195,"column":14}},"195":{"start":{"line":196,"column":0},"end":{"line":196,"column":110}},"196":{"start":{"line":197,"column":0},"end":{"line":197,"column":14}},"197":{"start":{"line":198,"column":0},"end":{"line":198,"column":42}},"198":{"start":{"line":199,"column":0},"end":{"line":199,"column":22}},"199":{"start":{"line":200,"column":0},"end":{"line":200,"column":38}},"200":{"start":{"line":201,"column":0},"end":{"line":201,"column":13}},"201":{"start":{"line":202,"column":0},"end":{"line":202,"column":39}},"202":{"start":{"line":203,"column":0},"end":{"line":203,"column":16}},"203":{"start":{"line":204,"column":0},"end":{"line":204,"column":14}},"204":{"start":{"line":205,"column":0},"end":{"line":205,"column":14}},"205":{"start":{"line":206,"column":0},"end":{"line":206,"column":13}},"206":{"start":{"line":207,"column":0},"end":{"line":207,"column":10}},"207":{"start":{"line":208,"column":0},"end":{"line":208,"column":4}},"208":{"start":{"line":209,"column":0},"end":{"line":209,"column":2}},"209":{"start":{"line":210,"column":0},"end":{"line":210,"column":0}},"210":{"start":{"line":211,"column":0},"end":{"line":211,"column":20}}},"s":{"0":1,"1":1,"2":1,"3":1,"4":1,"5":1,"6":1,"7":1,"8":1,"9":1,"10":1,"11":1,"12":1,"13":1,"14":1,"15":1,"16":1,"17":1,"18":1,"19":1,"20":1,"21":1,"22":1,"23":1,"24":1,"25":1,"26":27,"27":27,"28":27,"29":27,"30":27,"31":27,"32":27,"33":27,"34":27,"35":27,"36":27,"37":27,"38":27,"39":27,"40":27,"41":27,"42":1,"43":27,"44":27,"45":27,"46":3,"47":12,"48":12,"49":3,"50":3,"51":27,"52":27,"53":27,"54":6,"55":27,"56":27,"57":27,"58":6,"59":6,"60":6,"61":6,"62":24,"63":24,"64":24,"65":24,"66":24,"67":24,"68":24,"69":24,"70":24,"71":0,"72":0,"73":24,"74":24,"75":24,"76":24,"77":24,"78":24,"79":6,"80":6,"81":27,"82":27,"83":27,"84":6,"85":6,"86":6,"87":6,"88":27,"89":27,"90":27,"91":4,"92":4,"93":4,"94":4,"95":3,"96":3,"97":27,"98":27,"99":27,"100":0,"101":27,"102":27,"103":27,"104":6,"105":6,"106":6,"107":6,"108":6,"109":6,"110":6,"111":6,"112":6,"113":6,"114":6,"115":6,"116":6,"117":6,"118":5,"119":5,"120":6,"121":6,"122":6,"123":3,"124":6,"125":6,"126":6,"127":6,"128":27,"129":27,"130":27,"131":27,"132":27,"133":27,"134":27,"135":27,"136":27,"137":27,"138":27,"139":27,"140":27,"141":27,"142":27,"143":27,"144":22,"145":22,"146":22,"147":22,"148":22,"149":22,"150":22,"151":22,"152":22,"153":22,"154":22,"155":22,"156":22,"157":22,"158":27,"159":27,"160":27,"161":27,"162":27,"163":27,"164":27,"165":27,"166":27,"167":27,"168":27,"169":27,"170":27,"171":27,"172":27,"173":7,"174":7,"175":7,"176":7,"177":7,"178":7,"179":7,"180":7,"181":27,"182":27,"183":27,"184":27,"185":27,"186":27,"187":27,"188":27,"189":27,"190":27,"191":27,"192":27,"193":27,"194":27,"195":27,"196":27,"197":27,"198":27,"199":27,"200":27,"201":27,"202":27,"203":27,"204":27,"205":27,"206":27,"207":27,"208":27,"209":1,"210":1},"branchMap":{"0":{"type":"branch","line":26,"loc":{"start":{"line":26,"column":13},"end":{"line":209,"column":2}},"locations":[{"start":{"line":26,"column":13},"end":{"line":209,"column":2}}]},"1":{"type":"branch","line":130,"loc":{"start":{"line":130,"column":46},"end":{"line":130,"column":55}},"locations":[{"start":{"line":130,"column":46},"end":{"line":130,"column":55}}]},"2":{"type":"branch","line":130,"loc":{"start":{"line":130,"column":56},"end":{"line":130,"column":68}},"locations":[{"start":{"line":130,"column":56},"end":{"line":130,"column":68}}]},"3":{"type":"branch","line":144,"loc":{"start":{"line":144,"column":23},"end":{"line":158,"column":15}},"locations":[{"start":{"line":144,"column":23},"end":{"line":158,"column":15}}]},"4":{"type":"branch","line":168,"loc":{"start":{"line":168,"column":36},"end":{"line":168,"column":44}},"locations":[{"start":{"line":168,"column":36},"end":{"line":168,"column":44}}]},"5":{"type":"branch","line":168,"loc":{"start":{"line":168,"column":45},"end":{"line":168,"column":57}},"locations":[{"start":{"line":168,"column":45},"end":{"line":168,"column":57}}]},"6":{"type":"branch","line":173,"loc":{"start":{"line":173,"column":27},"end":{"line":181,"column":20}},"locations":[{"start":{"line":173,"column":27},"end":{"line":181,"column":20}}]},"7":{"type":"branch","line":188,"loc":{"start":{"line":188,"column":25},"end":{"line":188,"column":36}},"locations":[{"start":{"line":188,"column":25},"end":{"line":188,"column":36}}]},"8":{"type":"branch","line":188,"loc":{"start":{"line":188,"column":37},"end":{"line":188,"column":58}},"locations":[{"start":{"line":188,"column":37},"end":{"line":188,"column":58}}]},"9":{"type":"branch","line":196,"loc":{"start":{"line":196,"column":51},"end":{"line":196,"column":79}},"locations":[{"start":{"line":196,"column":51},"end":{"line":196,"column":79}}]},"10":{"type":"branch","line":196,"loc":{"start":{"line":196,"column":80},"end":{"line":196,"column":109}},"locations":[{"start":{"line":196,"column":80},"end":{"line":196,"column":109}}]},"11":{"type":"branch","line":42,"loc":{"start":{"line":42,"column":35},"end":{"line":44,"column":3}},"locations":[{"start":{"line":42,"column":35},"end":{"line":44,"column":3}}]},"12":{"type":"branch","line":46,"loc":{"start":{"line":46,"column":25},"end":{"line":52,"column":3}},"locations":[{"start":{"line":46,"column":25},"end":{"line":52,"column":3}}]},"13":{"type":"branch","line":47,"loc":{"start":{"line":47,"column":51},"end":{"line":50,"column":5}},"locations":[{"start":{"line":47,"column":51},"end":{"line":50,"column":5}}]},"14":{"type":"branch","line":48,"loc":{"start":{"line":48,"column":22},"end":{"line":48,"column":25}},"locations":[{"start":{"line":48,"column":22},"end":{"line":48,"column":25}}]},"15":{"type":"branch","line":49,"loc":{"start":{"line":49,"column":20},"end":{"line":49,"column":23}},"locations":[{"start":{"line":49,"column":20},"end":{"line":49,"column":23}}]},"16":{"type":"branch","line":54,"loc":{"start":{"line":54,"column":30},"end":{"line":56,"column":3}},"locations":[{"start":{"line":54,"column":30},"end":{"line":56,"column":3}}]},"17":{"type":"branch","line":55,"loc":{"start":{"line":55,"column":23},"end":{"line":55,"column":42}},"locations":[{"start":{"line":55,"column":23},"end":{"line":55,"column":42}}]},"18":{"type":"branch","line":58,"loc":{"start":{"line":58,"column":23},"end":{"line":82,"column":3}},"locations":[{"start":{"line":58,"column":23},"end":{"line":82,"column":3}}]},"19":{"type":"branch","line":62,"loc":{"start":{"line":62,"column":29},"end":{"line":80,"column":5}},"locations":[{"start":{"line":62,"column":29},"end":{"line":80,"column":5}}]},"20":{"type":"branch","line":71,"loc":{"start":{"line":71,"column":17},"end":{"line":73,"column":7}},"locations":[{"start":{"line":71,"column":17},"end":{"line":73,"column":7}}]},"21":{"type":"branch","line":84,"loc":{"start":{"line":84,"column":22},"end":{"line":89,"column":4}},"locations":[{"start":{"line":84,"column":22},"end":{"line":89,"column":4}}]},"22":{"type":"branch","line":91,"loc":{"start":{"line":91,"column":28},"end":{"line":98,"column":3}},"locations":[{"start":{"line":91,"column":28},"end":{"line":98,"column":3}}]},"23":{"type":"branch","line":95,"loc":{"start":{"line":95,"column":22},"end":{"line":97,"column":5}},"locations":[{"start":{"line":95,"column":22},"end":{"line":97,"column":5}}]},"24":{"type":"branch","line":104,"loc":{"start":{"line":104,"column":23},"end":{"line":128,"column":4}},"locations":[{"start":{"line":104,"column":23},"end":{"line":128,"column":4}}]},"25":{"type":"branch","line":104,"loc":{"start":{"line":104,"column":35},"end":{"line":128,"column":3}},"locations":[{"start":{"line":104,"column":35},"end":{"line":128,"column":3}}]},"26":{"type":"branch","line":107,"loc":{"start":{"line":107,"column":21},"end":{"line":107,"column":28}},"locations":[{"start":{"line":107,"column":21},"end":{"line":107,"column":28}}]},"27":{"type":"branch","line":113,"loc":{"start":{"line":113,"column":21},"end":{"line":113,"column":28}},"locations":[{"start":{"line":113,"column":21},"end":{"line":113,"column":28}}]},"28":{"type":"branch","line":117,"loc":{"start":{"line":117,"column":8},"end":{"line":118,"column":9}},"locations":[{"start":{"line":117,"column":8},"end":{"line":118,"column":9}}]},"29":{"type":"branch","line":119,"loc":{"start":{"line":119,"column":-2},"end":{"line":121,"column":9}},"locations":[{"start":{"line":119,"column":-2},"end":{"line":121,"column":9}}]},"30":{"type":"branch","line":121,"loc":{"start":{"line":121,"column":8},"end":{"line":121,"column":45}},"locations":[{"start":{"line":121,"column":8},"end":{"line":121,"column":45}}]},"31":{"type":"branch","line":122,"loc":{"start":{"line":122,"column":8},"end":{"line":122,"column":33}},"locations":[{"start":{"line":122,"column":8},"end":{"line":122,"column":33}}]},"32":{"type":"branch","line":123,"loc":{"start":{"line":123,"column":6},"end":{"line":125,"column":5}},"locations":[{"start":{"line":123,"column":6},"end":{"line":125,"column":5}}]}},"b":{"0":[27],"1":[5],"2":[22],"3":[22],"4":[1],"5":[26],"6":[7],"7":[6],"8":[21],"9":[5],"10":[22],"11":[1],"12":[3],"13":[12],"14":[0],"15":[0],"16":[6],"17":[0],"18":[6],"19":[24],"20":[0],"21":[6],"22":[4],"23":[3],"24":[6],"25":[6],"26":[0],"27":[0],"28":[0],"29":[5],"30":[4],"31":[0],"32":[3]},"fnMap":{"0":{"name":"Form","decl":{"start":{"line":26,"column":13},"end":{"line":209,"column":2}},"loc":{"start":{"line":26,"column":13},"end":{"line":209,"column":2}},"line":26},"1":{"name":"togglePasswordVisibility","decl":{"start":{"line":42,"column":35},"end":{"line":44,"column":3}},"loc":{"start":{"line":42,"column":35},"end":{"line":44,"column":3}},"line":42},"2":{"name":"switchFormMode","decl":{"start":{"line":46,"column":25},"end":{"line":52,"column":3}},"loc":{"start":{"line":46,"column":25},"end":{"line":52,"column":3}},"line":46},"3":{"name":"getFieldsToValidate","decl":{"start":{"line":54,"column":30},"end":{"line":56,"column":3}},"loc":{"start":{"line":54,"column":30},"end":{"line":56,"column":3}},"line":54},"4":{"name":"validateForm","decl":{"start":{"line":58,"column":23},"end":{"line":82,"column":3}},"loc":{"start":{"line":58,"column":23},"end":{"line":82,"column":3}},"line":58},"5":{"name":"getFormData","decl":{"start":{"line":84,"column":22},"end":{"line":89,"column":4}},"loc":{"start":{"line":84,"column":22},"end":{"line":89,"column":4}},"line":84},"6":{"name":"handleAuthSuccess","decl":{"start":{"line":91,"column":28},"end":{"line":98,"column":3}},"loc":{"start":{"line":91,"column":28},"end":{"line":98,"column":3}},"line":91},"7":{"name":"handleAuthError","decl":{"start":{"line":100,"column":26},"end":{"line":102,"column":3}},"loc":{"start":{"line":100,"column":26},"end":{"line":102,"column":3}},"line":100},"8":{"name":"handleSubmit","decl":{"start":{"line":104,"column":23},"end":{"line":128,"column":4}},"loc":{"start":{"line":104,"column":23},"end":{"line":128,"column":4}},"line":104}},"f":{"0":27,"1":1,"2":3,"3":6,"4":6,"5":6,"6":4,"7":0,"8":6}}
,"C:\\Users\\Elena\\Лена\\Фронтенд\\FrontendMentor\\Intro-component\\src\\Versions\\legacy\\components\\ui\\FormField\\FormField.jsx": {"path":"C:\\Users\\Elena\\Лена\\Фронтенд\\FrontendMentor\\Intro-component\\src\\Versions\\legacy\\components\\ui\\FormField\\FormField.jsx","all":false,"statementMap":{"0":{"start":{"line":1,"column":0},"end":{"line":1,"column":28}},"1":{"start":{"line":2,"column":0},"end":{"line":2,"column":0}},"2":{"start":{"line":3,"column":0},"end":{"line":3,"column":20}},"3":{"start":{"line":4,"column":0},"end":{"line":4,"column":8}},"4":{"start":{"line":5,"column":0},"end":{"line":5,"column":16}},"5":{"start":{"line":6,"column":0},"end":{"line":6,"column":7}},"6":{"start":{"line":7,"column":0},"end":{"line":7,"column":14}},"7":{"start":{"line":8,"column":0},"end":{"line":8,"column":11}},"8":{"start":{"line":9,"column":0},"end":{"line":9,"column":17}},"9":{"start":{"line":10,"column":0},"end":{"line":10,"column":7}},"10":{"start":{"line":11,"column":0},"end":{"line":11,"column":89}},"11":{"start":{"line":12,"column":0},"end":{"line":12,"column":10}},"12":{"start":{"line":13,"column":0},"end":{"line":13,"column":74}},"13":{"start":{"line":14,"column":0},"end":{"line":14,"column":17}},"14":{"start":{"line":15,"column":0},"end":{"line":15,"column":17}},"15":{"start":{"line":16,"column":0},"end":{"line":16,"column":31}},"16":{"start":{"line":17,"column":0},"end":{"line":17,"column":25}},"17":{"start":{"line":18,"column":0},"end":{"line":18,"column":35}},"18":{"start":{"line":19,"column":0},"end":{"line":19,"column":31}},"19":{"start":{"line":20,"column":0},"end":{"line":20,"column":6}},"20":{"start":{"line":21,"column":0},"end":{"line":21,"column":14}},"21":{"start":{"line":22,"column":0},"end":{"line":22,"column":21}},"22":{"start":{"line":23,"column":0},"end":{"line":23,"column":35}},"23":{"start":{"line":24,"column":0},"end":{"line":24,"column":63}},"24":{"start":{"line":25,"column":0},"end":{"line":25,"column":12}},"25":{"start":{"line":26,"column":0},"end":{"line":26,"column":6}},"26":{"start":{"line":27,"column":0},"end":{"line":27,"column":8}},"27":{"start":{"line":28,"column":0},"end":{"line":28,"column":2}},"28":{"start":{"line":29,"column":0},"end":{"line":29,"column":0}},"29":{"start":{"line":30,"column":0},"end":{"line":30,"column":25}}},"s":{"0":1,"1":1,"2":1,"3":98,"4":98,"5":98,"6":98,"7":98,"8":98,"9":98,"10":98,"11":98,"12":98,"13":98,"14":98,"15":98,"16":98,"17":98,"18":98,"19":98,"20":98,"21":98,"22":65,"23":65,"24":65,"25":98,"26":98,"27":1,"28":1,"29":1},"branchMap":{"0":{"type":"branch","line":3,"loc":{"start":{"line":3,"column":18},"end":{"line":27,"column":8}},"locations":[{"start":{"line":3,"column":18},"end":{"line":27,"column":8}}]},"1":{"type":"branch","line":11,"loc":{"start":{"line":11,"column":45},"end":{"line":11,"column":67}},"locations":[{"start":{"line":11,"column":45},"end":{"line":11,"column":67}}]},"2":{"type":"branch","line":11,"loc":{"start":{"line":11,"column":68},"end":{"line":11,"column":72}},"locations":[{"start":{"line":11,"column":68},"end":{"line":11,"column":72}}]},"3":{"type":"branch","line":13,"loc":{"start":{"line":13,"column":44},"end":{"line":13,"column":66}},"locations":[{"start":{"line":13,"column":44},"end":{"line":13,"column":66}}]},"4":{"type":"branch","line":13,"loc":{"start":{"line":13,"column":67},"end":{"line":13,"column":71}},"locations":[{"start":{"line":13,"column":67},"end":{"line":13,"column":71}}]},"5":{"type":"branch","line":22,"loc":{"start":{"line":22,"column":16},"end":{"line":25,"column":12}},"locations":[{"start":{"line":22,"column":16},"end":{"line":25,"column":12}}]}},"b":{"0":[98],"1":[65],"2":[33],"3":[65],"4":[33],"5":[65]},"fnMap":{"0":{"name":"FormField","decl":{"start":{"line":3,"column":18},"end":{"line":27,"column":8}},"loc":{"start":{"line":3,"column":18},"end":{"line":27,"column":8}},"line":3}},"f":{"0":98}}
,"C:\\Users\\Elena\\Лена\\Фронтенд\\FrontendMentor\\Intro-component\\src\\Versions\\legacy\\components\\ui\\PrimaryButton\\PrimaryButton.jsx": {"path":"C:\\Users\\Elena\\Лена\\Фронтенд\\FrontendMentor\\Intro-component\\src\\Versions\\legacy\\components\\ui\\PrimaryButton\\PrimaryButton.jsx","all":false,"statementMap":{"0":{"start":{"line":1,"column":0},"end":{"line":1,"column":32}},"1":{"start":{"line":2,"column":0},"end":{"line":2,"column":0}},"2":{"start":{"line":3,"column":0},"end":{"line":3,"column":24}},"3":{"start":{"line":4,"column":0},"end":{"line":4,"column":11}},"4":{"start":{"line":5,"column":0},"end":{"line":5,"column":7}},"5":{"start":{"line":6,"column":0},"end":{"line":6,"column":10}},"6":{"start":{"line":7,"column":0},"end":{"line":7,"column":18}},"7":{"start":{"line":8,"column":0},"end":{"line":8,"column":19}},"8":{"start":{"line":9,"column":0},"end":{"line":9,"column":10}},"9":{"start":{"line":10,"column":0},"end":{"line":10,"column":7}},"10":{"start":{"line":11,"column":0},"end":{"line":11,"column":37}},"11":{"start":{"line":12,"column":0},"end":{"line":12,"column":0}},"12":{"start":{"line":13,"column":0},"end":{"line":13,"column":32}},"13":{"start":{"line":14,"column":0},"end":{"line":14,"column":21}},"14":{"start":{"line":15,"column":0},"end":{"line":15,"column":31}},"15":{"start":{"line":16,"column":0},"end":{"line":16,"column":9}},"16":{"start":{"line":17,"column":0},"end":{"line":17,"column":0}},"17":{"start":{"line":18,"column":0},"end":{"line":18,"column":13}},"18":{"start":{"line":19,"column":0},"end":{"line":19,"column":12}},"19":{"start":{"line":20,"column":0},"end":{"line":20,"column":8}},"20":{"start":{"line":21,"column":0},"end":{"line":21,"column":29}},"21":{"start":{"line":22,"column":0},"end":{"line":22,"column":19}},"22":{"start":{"line":23,"column":0},"end":{"line":23,"column":22}},"23":{"start":{"line":24,"column":0},"end":{"line":24,"column":18}},"24":{"start":{"line":25,"column":0},"end":{"line":25,"column":7}},"25":{"start":{"line":26,"column":0},"end":{"line":26,"column":18}},"26":{"start":{"line":27,"column":0},"end":{"line":27,"column":10}},"27":{"start":{"line":28,"column":0},"end":{"line":28,"column":6}},"28":{"start":{"line":29,"column":0},"end":{"line":29,"column":3}},"29":{"start":{"line":30,"column":0},"end":{"line":30,"column":0}},"30":{"start":{"line":31,"column":0},"end":{"line":31,"column":10}},"31":{"start":{"line":32,"column":0},"end":{"line":32,"column":11}},"32":{"start":{"line":33,"column":0},"end":{"line":33,"column":27}},"33":{"start":{"line":34,"column":0},"end":{"line":34,"column":17}},"34":{"start":{"line":35,"column":0},"end":{"line":35,"column":23}},"35":{"start":{"line":36,"column":0},"end":{"line":36,"column":16}},"36":{"start":{"line":37,"column":0},"end":{"line":37,"column":5}},"37":{"start":{"line":38,"column":0},"end":{"line":38,"column":16}},"38":{"start":{"line":39,"column":0},"end":{"line":39,"column":13}},"39":{"start":{"line":40,"column":0},"end":{"line":40,"column":4}},"40":{"start":{"line":41,"column":0},"end":{"line":41,"column":2}},"41":{"start":{"line":42,"column":0},"end":{"line":42,"column":0}},"42":{"start":{"line":43,"column":0},"end":{"line":43,"column":29}}},"s":{"0":1,"1":1,"2":1,"3":27,"4":27,"5":27,"6":27,"7":27,"8":27,"9":27,"10":27,"11":27,"12":27,"13":0,"14":0,"15":27,"16":27,"17":27,"18":0,"19":0,"20":0,"21":0,"22":0,"23":0,"24":0,"25":0,"26":0,"27":0,"28":0,"29":27,"30":27,"31":27,"32":27,"33":27,"34":27,"35":27,"36":27,"37":27,"38":27,"39":27,"40":27,"41":1,"42":1},"branchMap":{"0":{"type":"branch","line":3,"loc":{"start":{"line":3,"column":22},"end":{"line":41,"column":2}},"locations":[{"start":{"line":3,"column":22},"end":{"line":41,"column":2}}]},"1":{"type":"branch","line":13,"loc":{"start":{"line":13,"column":29},"end":{"line":16,"column":4}},"locations":[{"start":{"line":13,"column":29},"end":{"line":16,"column":4}}]},"2":{"type":"branch","line":18,"loc":{"start":{"line":18,"column":12},"end":{"line":29,"column":3}},"locations":[{"start":{"line":18,"column":12},"end":{"line":29,"column":3}}]}},"b":{"0":[27],"1":[0],"2":[0]},"fnMap":{"0":{"name":"PrimaryButton","decl":{"start":{"line":3,"column":22},"end":{"line":41,"column":2}},"loc":{"start":{"line":3,"column":22},"end":{"line":41,"column":2}},"line":3}},"f":{"0":27}}
,"C:\\Users\\Elena\\Лена\\Фронтенд\\FrontendMentor\\Intro-component\\src\\Versions\\legacy\\components\\ui\\SecondaryButton\\SecondaryButton.jsx": {"path":"C:\\Users\\Elena\\Лена\\Фронтенд\\FrontendMentor\\Intro-component\\src\\Versions\\legacy\\components\\ui\\SecondaryButton\\SecondaryButton.jsx","all":false,"statementMap":{"0":{"start":{"line":1,"column":0},"end":{"line":1,"column":34}},"1":{"start":{"line":2,"column":0},"end":{"line":2,"column":0}},"2":{"start":{"line":3,"column":0},"end":{"line":3,"column":27}},"3":{"start":{"line":4,"column":0},"end":{"line":4,"column":11}},"4":{"start":{"line":5,"column":0},"end":{"line":5,"column":10}},"5":{"start":{"line":6,"column":0},"end":{"line":6,"column":16}},"6":{"start":{"line":7,"column":0},"end":{"line":7,"column":7}},"7":{"start":{"line":8,"column":0},"end":{"line":8,"column":39}},"8":{"start":{"line":9,"column":0},"end":{"line":9,"column":0}},"9":{"start":{"line":10,"column":0},"end":{"line":10,"column":10}},"10":{"start":{"line":11,"column":0},"end":{"line":11,"column":11}},"11":{"start":{"line":12,"column":0},"end":{"line":12,"column":27}},"12":{"start":{"line":13,"column":0},"end":{"line":13,"column":17}},"13":{"start":{"line":14,"column":0},"end":{"line":14,"column":25}},"14":{"start":{"line":15,"column":0},"end":{"line":15,"column":5}},"15":{"start":{"line":16,"column":0},"end":{"line":16,"column":16}},"16":{"start":{"line":17,"column":0},"end":{"line":17,"column":13}},"17":{"start":{"line":18,"column":0},"end":{"line":18,"column":4}},"18":{"start":{"line":19,"column":0},"end":{"line":19,"column":2}},"19":{"start":{"line":20,"column":0},"end":{"line":20,"column":0}},"20":{"start":{"line":21,"column":0},"end":{"line":21,"column":31}}},"s":{"0":1,"1":1,"2":1,"3":27,"4":27,"5":27,"6":27,"7":27,"8":27,"9":27,"10":27,"11":27,"12":27,"13":27,"14":27,"15":27,"16":27,"17":27,"18":27,"19":1,"20":1},"branchMap":{"0":{"type":"branch","line":3,"loc":{"start":{"line":3,"column":25},"end":{"line":19,"column":2}},"locations":[{"start":{"line":3,"column":25},"end":{"line":19,"column":2}}]}},"b":{"0":[27]},"fnMap":{"0":{"name":"SecondaryButton","decl":{"start":{"line":3,"column":25},"end":{"line":19,"column":2}},"loc":{"start":{"line":3,"column":25},"end":{"line":19,"column":2}},"line":3}},"f":{"0":27}}
,"C:\\Users\\Elena\\Лена\\Фронтенд\\FrontendMentor\\Intro-component\\src\\Versions\\legacy\\hooks\\useAuth.js": {"path":"C:\\Users\\Elena\\Лена\\Фронтенд\\FrontendMentor\\Intro-component\\src\\Versions\\legacy\\hooks\\useAuth.js","all":false,"statementMap":{"0":{"start":{"line":1,"column":0},"end":{"line":1,"column":33}},"1":{"start":{"line":2,"column":0},"end":{"line":2,"column":55}},"2":{"start":{"line":3,"column":0},"end":{"line":3,"column":0}},"3":{"start":{"line":4,"column":0},"end":{"line":4,"column":30}},"4":{"start":{"line":5,"column":0},"end":{"line":5,"column":52}},"5":{"start":{"line":6,"column":0},"end":{"line":6,"column":41}},"6":{"start":{"line":7,"column":0},"end":{"line":7,"column":43}},"7":{"start":{"line":8,"column":0},"end":{"line":8,"column":4}},"8":{"start":{"line":9,"column":0},"end":{"line":9,"column":39}},"9":{"start":{"line":10,"column":0},"end":{"line":10,"column":23}},"10":{"start":{"line":11,"column":0},"end":{"line":11,"column":19}},"11":{"start":{"line":12,"column":0},"end":{"line":12,"column":0}},"12":{"start":{"line":13,"column":0},"end":{"line":13,"column":9}},"13":{"start":{"line":14,"column":0},"end":{"line":14,"column":60}},"14":{"start":{"line":15,"column":0},"end":{"line":15,"column":0}},"15":{"start":{"line":16,"column":0},"end":{"line":16,"column":29}},"16":{"start":{"line":17,"column":0},"end":{"line":17,"column":31}},"17":{"start":{"line":18,"column":0},"end":{"line":18,"column":16}},"18":{"start":{"line":19,"column":0},"end":{"line":19,"column":24}},"19":{"start":{"line":20,"column":0},"end":{"line":20,"column":25}},"20":{"start":{"line":21,"column":0},"end":{"line":21,"column":10}},"21":{"start":{"line":22,"column":0},"end":{"line":22,"column":14}},"22":{"start":{"line":23,"column":0},"end":{"line":23,"column":33}},"23":{"start":{"line":24,"column":0},"end":{"line":24,"column":16}},"24":{"start":{"line":25,"column":0},"end":{"line":25,"column":25}},"25":{"start":{"line":26,"column":0},"end":{"line":26,"column":32}},"26":{"start":{"line":27,"column":0},"end":{"line":27,"column":10}},"27":{"start":{"line":28,"column":0},"end":{"line":28,"column":7}},"28":{"start":{"line":29,"column":0},"end":{"line":29,"column":19}},"29":{"start":{"line":30,"column":0},"end":{"line":30,"column":31}},"30":{"start":{"line":31,"column":0},"end":{"line":31,"column":14}},"31":{"start":{"line":32,"column":0},"end":{"line":32,"column":23}},"32":{"start":{"line":33,"column":0},"end":{"line":33,"column":30}},"33":{"start":{"line":34,"column":0},"end":{"line":34,"column":8}},"34":{"start":{"line":35,"column":0},"end":{"line":35,"column":15}},"35":{"start":{"line":36,"column":0},"end":{"line":36,"column":26}},"36":{"start":{"line":37,"column":0},"end":{"line":37,"column":5}},"37":{"start":{"line":38,"column":0},"end":{"line":38,"column":4}},"38":{"start":{"line":39,"column":0},"end":{"line":39,"column":40}},"39":{"start":{"line":40,"column":0},"end":{"line":40,"column":23}},"40":{"start":{"line":41,"column":0},"end":{"line":41,"column":19}},"41":{"start":{"line":42,"column":0},"end":{"line":42,"column":0}},"42":{"start":{"line":43,"column":0},"end":{"line":43,"column":9}},"43":{"start":{"line":44,"column":0},"end":{"line":44,"column":60}},"44":{"start":{"line":45,"column":0},"end":{"line":45,"column":0}},"45":{"start":{"line":46,"column":0},"end":{"line":46,"column":28}},"46":{"start":{"line":47,"column":0},"end":{"line":47,"column":16}},"47":{"start":{"line":48,"column":0},"end":{"line":48,"column":24}},"48":{"start":{"line":49,"column":0},"end":{"line":49,"column":25}},"49":{"start":{"line":50,"column":0},"end":{"line":50,"column":10}},"50":{"start":{"line":51,"column":0},"end":{"line":51,"column":14}},"51":{"start":{"line":52,"column":0},"end":{"line":52,"column":33}},"52":{"start":{"line":53,"column":0},"end":{"line":53,"column":16}},"53":{"start":{"line":54,"column":0},"end":{"line":54,"column":25}},"54":{"start":{"line":55,"column":0},"end":{"line":55,"column":32}},"55":{"start":{"line":56,"column":0},"end":{"line":56,"column":10}},"56":{"start":{"line":57,"column":0},"end":{"line":57,"column":7}},"57":{"start":{"line":58,"column":0},"end":{"line":58,"column":19}},"58":{"start":{"line":59,"column":0},"end":{"line":59,"column":38}},"59":{"start":{"line":60,"column":0},"end":{"line":60,"column":14}},"60":{"start":{"line":61,"column":0},"end":{"line":61,"column":23}},"61":{"start":{"line":62,"column":0},"end":{"line":62,"column":37}},"62":{"start":{"line":63,"column":0},"end":{"line":63,"column":8}},"63":{"start":{"line":64,"column":0},"end":{"line":64,"column":15}},"64":{"start":{"line":65,"column":0},"end":{"line":65,"column":26}},"65":{"start":{"line":66,"column":0},"end":{"line":66,"column":5}},"66":{"start":{"line":67,"column":0},"end":{"line":67,"column":4}},"67":{"start":{"line":68,"column":0},"end":{"line":68,"column":0}},"68":{"start":{"line":69,"column":0},"end":{"line":69,"column":24}},"69":{"start":{"line":70,"column":0},"end":{"line":70,"column":18}},"70":{"start":{"line":71,"column":0},"end":{"line":71,"column":19}},"71":{"start":{"line":72,"column":0},"end":{"line":72,"column":4}},"72":{"start":{"line":73,"column":0},"end":{"line":73,"column":0}},"73":{"start":{"line":74,"column":0},"end":{"line":74,"column":10}},"74":{"start":{"line":75,"column":0},"end":{"line":75,"column":9}},"75":{"start":{"line":76,"column":0},"end":{"line":76,"column":14}},"76":{"start":{"line":77,"column":0},"end":{"line":77,"column":10}},"77":{"start":{"line":78,"column":0},"end":{"line":78,"column":10}},"78":{"start":{"line":79,"column":0},"end":{"line":79,"column":13}},"79":{"start":{"line":80,"column":0},"end":{"line":80,"column":11}},"80":{"start":{"line":81,"column":0},"end":{"line":81,"column":4}},"81":{"start":{"line":82,"column":0},"end":{"line":82,"column":2}}},"s":{"0":1,"1":1,"2":1,"3":1,"4":16,"5":16,"6":16,"7":16,"8":16,"9":4,"10":4,"11":4,"12":4,"13":4,"14":3,"15":4,"16":2,"17":2,"18":2,"19":2,"20":2,"21":4,"22":1,"23":1,"24":1,"25":1,"26":1,"27":1,"28":4,"29":1,"30":1,"31":1,"32":1,"33":1,"34":4,"35":4,"36":4,"37":4,"38":16,"39":3,"40":3,"41":3,"42":3,"43":3,"44":2,"45":3,"46":1,"47":1,"48":1,"49":1,"50":1,"51":1,"52":1,"53":1,"54":1,"55":1,"56":1,"57":3,"58":1,"59":1,"60":1,"61":1,"62":1,"63":3,"64":3,"65":3,"66":3,"67":16,"68":16,"69":1,"70":1,"71":16,"72":16,"73":16,"74":16,"75":16,"76":16,"77":16,"78":16,"79":16,"80":16,"81":16},"branchMap":{"0":{"type":"branch","line":4,"loc":{"start":{"line":4,"column":23},"end":{"line":82,"column":2}},"locations":[{"start":{"line":4,"column":23},"end":{"line":82,"column":2}}]},"1":{"type":"branch","line":9,"loc":{"start":{"line":9,"column":16},"end":{"line":38,"column":4}},"locations":[{"start":{"line":9,"column":16},"end":{"line":38,"column":4}}]},"2":{"type":"branch","line":9,"loc":{"start":{"line":9,"column":37},"end":{"line":38,"column":3}},"locations":[{"start":{"line":9,"column":37},"end":{"line":38,"column":3}}]},"3":{"type":"branch","line":15,"loc":{"start":{"line":15,"column":-2},"end":{"line":16,"column":28}},"locations":[{"start":{"line":15,"column":-2},"end":{"line":16,"column":28}}]},"4":{"type":"branch","line":16,"loc":{"start":{"line":16,"column":28},"end":{"line":22,"column":7}},"locations":[{"start":{"line":16,"column":28},"end":{"line":22,"column":7}}]},"5":{"type":"branch","line":22,"loc":{"start":{"line":22,"column":7},"end":{"line":28,"column":7}},"locations":[{"start":{"line":22,"column":7},"end":{"line":28,"column":7}}]},"6":{"type":"branch","line":29,"loc":{"start":{"line":29,"column":6},"end":{"line":35,"column":5}},"locations":[{"start":{"line":29,"column":6},"end":{"line":35,"column":5}}]},"7":{"type":"branch","line":35,"loc":{"start":{"line":35,"column":5},"end":{"line":35,"column":15}},"locations":[{"start":{"line":35,"column":5},"end":{"line":35,"column":15}}]},"8":{"type":"branch","line":39,"loc":{"start":{"line":39,"column":19},"end":{"line":67,"column":4}},"locations":[{"start":{"line":39,"column":19},"end":{"line":67,"column":4}}]},"9":{"type":"branch","line":39,"loc":{"start":{"line":39,"column":38},"end":{"line":67,"column":3}},"locations":[{"start":{"line":39,"column":38},"end":{"line":67,"column":3}}]},"10":{"type":"branch","line":45,"loc":{"start":{"line":45,"column":-2},"end":{"line":46,"column":27}},"locations":[{"start":{"line":45,"column":-2},"end":{"line":46,"column":27}}]},"11":{"type":"branch","line":46,"loc":{"start":{"line":46,"column":27},"end":{"line":57,"column":7}},"locations":[{"start":{"line":46,"column":27},"end":{"line":57,"column":7}}]},"12":{"type":"branch","line":58,"loc":{"start":{"line":58,"column":6},"end":{"line":64,"column":5}},"locations":[{"start":{"line":58,"column":6},"end":{"line":64,"column":5}}]},"13":{"type":"branch","line":64,"loc":{"start":{"line":64,"column":5},"end":{"line":64,"column":15}},"locations":[{"start":{"line":64,"column":5},"end":{"line":64,"column":15}}]},"14":{"type":"branch","line":69,"loc":{"start":{"line":69,"column":17},"end":{"line":72,"column":3}},"locations":[{"start":{"line":69,"column":17},"end":{"line":72,"column":3}}]}},"b":{"0":[16],"1":[4],"2":[4],"3":[3],"4":[2],"5":[1],"6":[1],"7":[0],"8":[3],"9":[3],"10":[2],"11":[1],"12":[1],"13":[0],"14":[1]},"fnMap":{"0":{"name":"useAuth","decl":{"start":{"line":4,"column":23},"end":{"line":82,"column":2}},"loc":{"start":{"line":4,"column":23},"end":{"line":82,"column":2}},"line":4},"1":{"name":"login","decl":{"start":{"line":9,"column":16},"end":{"line":38,"column":4}},"loc":{"start":{"line":9,"column":16},"end":{"line":38,"column":4}},"line":9},"2":{"name":"register","decl":{"start":{"line":39,"column":19},"end":{"line":67,"column":4}},"loc":{"start":{"line":39,"column":19},"end":{"line":67,"column":4}},"line":39},"3":{"name":"logout","decl":{"start":{"line":69,"column":17},"end":{"line":72,"column":3}},"loc":{"start":{"line":69,"column":17},"end":{"line":72,"column":3}},"line":69}},"f":{"0":16,"1":4,"2":3,"3":1}}
,"C:\\Users\\Elena\\Лена\\Фронтенд\\FrontendMentor\\Intro-component\\src\\Versions\\legacy\\hooks\\useField.js": {"path":"C:\\Users\\Elena\\Лена\\Фронтенд\\FrontendMentor\\Intro-component\\src\\Versions\\legacy\\hooks\\useField.js","all":false,"statementMap":{"0":{"start":{"line":1,"column":0},"end":{"line":1,"column":33}},"1":{"start":{"line":2,"column":0},"end":{"line":2,"column":0}},"2":{"start":{"line":3,"column":0},"end":{"line":3,"column":59}},"3":{"start":{"line":4,"column":0},"end":{"line":4,"column":51}},"4":{"start":{"line":5,"column":0},"end":{"line":5,"column":41}},"5":{"start":{"line":6,"column":0},"end":{"line":6,"column":48}},"6":{"start":{"line":7,"column":0},"end":{"line":7,"column":0}},"7":{"start":{"line":8,"column":0},"end":{"line":8,"column":31}},"8":{"start":{"line":9,"column":0},"end":{"line":9,"column":36}},"9":{"start":{"line":10,"column":0},"end":{"line":10,"column":23}},"10":{"start":{"line":11,"column":0},"end":{"line":11,"column":18}},"11":{"start":{"line":12,"column":0},"end":{"line":12,"column":53}},"12":{"start":{"line":13,"column":0},"end":{"line":13,"column":5}},"13":{"start":{"line":14,"column":0},"end":{"line":14,"column":4}},"14":{"start":{"line":15,"column":0},"end":{"line":15,"column":0}},"15":{"start":{"line":16,"column":0},"end":{"line":16,"column":28}},"16":{"start":{"line":17,"column":0},"end":{"line":17,"column":21}},"17":{"start":{"line":18,"column":0},"end":{"line":18,"column":20}},"18":{"start":{"line":19,"column":0},"end":{"line":19,"column":47}},"19":{"start":{"line":20,"column":0},"end":{"line":20,"column":32}},"20":{"start":{"line":21,"column":0},"end":{"line":21,"column":29}},"21":{"start":{"line":22,"column":0},"end":{"line":22,"column":5}},"22":{"start":{"line":23,"column":0},"end":{"line":23,"column":14}},"23":{"start":{"line":24,"column":0},"end":{"line":24,"column":4}},"24":{"start":{"line":25,"column":0},"end":{"line":25,"column":0}},"25":{"start":{"line":26,"column":0},"end":{"line":26,"column":31}},"26":{"start":{"line":27,"column":0},"end":{"line":27,"column":21}},"27":{"start":{"line":28,"column":0},"end":{"line":28,"column":20}},"28":{"start":{"line":29,"column":0},"end":{"line":29,"column":33}},"29":{"start":{"line":30,"column":0},"end":{"line":30,"column":5}},"30":{"start":{"line":31,"column":0},"end":{"line":31,"column":4}},"31":{"start":{"line":32,"column":0},"end":{"line":32,"column":0}},"32":{"start":{"line":33,"column":0},"end":{"line":33,"column":23}},"33":{"start":{"line":34,"column":0},"end":{"line":34,"column":27}},"34":{"start":{"line":35,"column":0},"end":{"line":35,"column":17}},"35":{"start":{"line":36,"column":0},"end":{"line":36,"column":22}},"36":{"start":{"line":37,"column":0},"end":{"line":37,"column":4}},"37":{"start":{"line":38,"column":0},"end":{"line":38,"column":0}},"38":{"start":{"line":39,"column":0},"end":{"line":39,"column":10}},"39":{"start":{"line":40,"column":0},"end":{"line":40,"column":10}},"40":{"start":{"line":41,"column":0},"end":{"line":41,"column":10}},"41":{"start":{"line":42,"column":0},"end":{"line":42,"column":12}},"42":{"start":{"line":43,"column":0},"end":{"line":43,"column":17}},"43":{"start":{"line":44,"column":0},"end":{"line":44,"column":15}},"44":{"start":{"line":45,"column":0},"end":{"line":45,"column":30}},"45":{"start":{"line":46,"column":0},"end":{"line":46,"column":13}},"46":{"start":{"line":47,"column":0},"end":{"line":47,"column":10}},"47":{"start":{"line":48,"column":0},"end":{"line":48,"column":4}},"48":{"start":{"line":49,"column":0},"end":{"line":49,"column":2}}},"s":{"0":1,"1":1,"2":1,"3":14,"4":14,"5":14,"6":14,"7":14,"8":4,"9":4,"10":4,"11":1,"12":1,"13":14,"14":14,"15":14,"16":3,"17":3,"18":3,"19":3,"20":3,"21":3,"22":0,"23":14,"24":14,"25":14,"26":1,"27":1,"28":1,"29":1,"30":14,"31":14,"32":14,"33":1,"34":1,"35":1,"36":14,"37":14,"38":14,"39":14,"40":14,"41":14,"42":14,"43":14,"44":14,"45":14,"46":14,"47":14,"48":14},"branchMap":{"0":{"type":"branch","line":3,"loc":{"start":{"line":3,"column":24},"end":{"line":49,"column":2}},"locations":[{"start":{"line":3,"column":24},"end":{"line":49,"column":2}}]},"1":{"type":"branch","line":8,"loc":{"start":{"line":8,"column":23},"end":{"line":14,"column":3}},"locations":[{"start":{"line":8,"column":23},"end":{"line":14,"column":3}}]},"2":{"type":"branch","line":11,"loc":{"start":{"line":11,"column":17},"end":{"line":13,"column":5}},"locations":[{"start":{"line":11,"column":17},"end":{"line":13,"column":5}}]},"3":{"type":"branch","line":12,"loc":{"start":{"line":12,"column":47},"end":{"line":12,"column":51}},"locations":[{"start":{"line":12,"column":47},"end":{"line":12,"column":51}}]},"4":{"type":"branch","line":16,"loc":{"start":{"line":16,"column":21},"end":{"line":24,"column":3}},"locations":[{"start":{"line":16,"column":21},"end":{"line":24,"column":3}}]},"5":{"type":"branch","line":23,"loc":{"start":{"line":23,"column":-2},"end":{"line":24,"column":3}},"locations":[{"start":{"line":23,"column":-2},"end":{"line":24,"column":3}}]},"6":{"type":"branch","line":26,"loc":{"start":{"line":26,"column":24},"end":{"line":31,"column":3}},"locations":[{"start":{"line":26,"column":24},"end":{"line":31,"column":3}}]},"7":{"type":"branch","line":33,"loc":{"start":{"line":33,"column":16},"end":{"line":37,"column":3}},"locations":[{"start":{"line":33,"column":16},"end":{"line":37,"column":3}}]}},"b":{"0":[14],"1":[4],"2":[1],"3":[0],"4":[3],"5":[0],"6":[1],"7":[1]},"fnMap":{"0":{"name":"useField","decl":{"start":{"line":3,"column":24},"end":{"line":49,"column":2}},"loc":{"start":{"line":3,"column":24},"end":{"line":49,"column":2}},"line":3},"1":{"name":"handleChange","decl":{"start":{"line":8,"column":23},"end":{"line":14,"column":3}},"loc":{"start":{"line":8,"column":23},"end":{"line":14,"column":3}},"line":8},"2":{"name":"handleBlur","decl":{"start":{"line":16,"column":21},"end":{"line":24,"column":3}},"loc":{"start":{"line":16,"column":21},"end":{"line":24,"column":3}},"line":16},"3":{"name":"markAsTouched","decl":{"start":{"line":26,"column":24},"end":{"line":31,"column":3}},"loc":{"start":{"line":26,"column":24},"end":{"line":31,"column":3}},"line":26},"4":{"name":"reset","decl":{"start":{"line":33,"column":16},"end":{"line":37,"column":3}},"loc":{"start":{"line":33,"column":16},"end":{"line":37,"column":3}},"line":33}},"f":{"0":14,"1":4,"2":3,"3":1,"4":1}}
,"C:\\Users\\Elena\\Лена\\Фронтенд\\FrontendMentor\\Intro-component\\src\\Versions\\legacy\\mocks\\auth-server.js": {"path":"C:\\Users\\Elena\\Лена\\Фронтенд\\FrontendMentor\\Intro-component\\src\\Versions\\legacy\\mocks\\auth-server.js","all":false,"statementMap":{"0":{"start":{"line":1,"column":0},"end":{"line":1,"column":50}},"1":{"start":{"line":2,"column":0},"end":{"line":2,"column":0}},"2":{"start":{"line":3,"column":0},"end":{"line":3,"column":36}},"3":{"start":{"line":4,"column":0},"end":{"line":4,"column":31}},"4":{"start":{"line":5,"column":0},"end":{"line":5,"column":52}},"5":{"start":{"line":6,"column":0},"end":{"line":6,"column":4}},"6":{"start":{"line":7,"column":0},"end":{"line":7,"column":2}},"7":{"start":{"line":8,"column":0},"end":{"line":8,"column":0}},"8":{"start":{"line":9,"column":0},"end":{"line":9,"column":31}},"9":{"start":{"line":10,"column":0},"end":{"line":10,"column":28}},"10":{"start":{"line":11,"column":0},"end":{"line":11,"column":33}},"11":{"start":{"line":12,"column":0},"end":{"line":12,"column":0}},"12":{"start":{"line":13,"column":0},"end":{"line":13,"column":48}},"13":{"start":{"line":14,"column":0},"end":{"line":14,"column":49}},"14":{"start":{"line":15,"column":0},"end":{"line":15,"column":0}},"15":{"start":{"line":16,"column":0},"end":{"line":16,"column":36}},"16":{"start":{"line":17,"column":0},"end":{"line":17,"column":38}},"17":{"start":{"line":18,"column":0},"end":{"line":18,"column":48}},"18":{"start":{"line":19,"column":0},"end":{"line":19,"column":6}},"19":{"start":{"line":20,"column":0},"end":{"line":20,"column":0}},"20":{"start":{"line":21,"column":0},"end":{"line":21,"column":41}},"21":{"start":{"line":22,"column":0},"end":{"line":22,"column":15}},"22":{"start":{"line":23,"column":0},"end":{"line":23,"column":14}},"23":{"start":{"line":24,"column":0},"end":{"line":24,"column":22}},"24":{"start":{"line":25,"column":0},"end":{"line":25,"column":15}},"25":{"start":{"line":26,"column":0},"end":{"line":26,"column":22}},"26":{"start":{"line":27,"column":0},"end":{"line":27,"column":36}},"27":{"start":{"line":28,"column":0},"end":{"line":28,"column":34}},"28":{"start":{"line":29,"column":0},"end":{"line":29,"column":28}},"29":{"start":{"line":30,"column":0},"end":{"line":30,"column":10}},"30":{"start":{"line":31,"column":0},"end":{"line":31,"column":26}},"31":{"start":{"line":32,"column":0},"end":{"line":32,"column":36}},"32":{"start":{"line":33,"column":0},"end":{"line":33,"column":8}},"33":{"start":{"line":34,"column":0},"end":{"line":34,"column":12}},"34":{"start":{"line":35,"column":0},"end":{"line":35,"column":14}},"35":{"start":{"line":36,"column":0},"end":{"line":36,"column":23}},"36":{"start":{"line":37,"column":0},"end":{"line":37,"column":43}},"37":{"start":{"line":38,"column":0},"end":{"line":38,"column":27}},"38":{"start":{"line":39,"column":0},"end":{"line":39,"column":8}},"39":{"start":{"line":40,"column":0},"end":{"line":40,"column":5}},"40":{"start":{"line":41,"column":0},"end":{"line":41,"column":4}},"41":{"start":{"line":42,"column":0},"end":{"line":42,"column":0}},"42":{"start":{"line":43,"column":0},"end":{"line":43,"column":28}},"43":{"start":{"line":44,"column":0},"end":{"line":44,"column":33}},"44":{"start":{"line":45,"column":0},"end":{"line":45,"column":0}},"45":{"start":{"line":46,"column":0},"end":{"line":46,"column":73}},"46":{"start":{"line":47,"column":0},"end":{"line":47,"column":23}},"47":{"start":{"line":48,"column":0},"end":{"line":48,"column":14}},"48":{"start":{"line":49,"column":0},"end":{"line":49,"column":23}},"49":{"start":{"line":50,"column":0},"end":{"line":50,"column":53}},"50":{"start":{"line":51,"column":0},"end":{"line":51,"column":28}},"51":{"start":{"line":52,"column":0},"end":{"line":52,"column":8}},"52":{"start":{"line":53,"column":0},"end":{"line":53,"column":5}},"53":{"start":{"line":54,"column":0},"end":{"line":54,"column":0}},"54":{"start":{"line":55,"column":0},"end":{"line":55,"column":21}},"55":{"start":{"line":56,"column":0},"end":{"line":56,"column":21}},"56":{"start":{"line":57,"column":0},"end":{"line":57,"column":18}},"57":{"start":{"line":58,"column":0},"end":{"line":58,"column":44}},"58":{"start":{"line":59,"column":0},"end":{"line":59,"column":6}},"59":{"start":{"line":60,"column":0},"end":{"line":60,"column":0}},"60":{"start":{"line":61,"column":0},"end":{"line":61,"column":21}},"61":{"start":{"line":62,"column":0},"end":{"line":62,"column":0}},"62":{"start":{"line":63,"column":0},"end":{"line":63,"column":12}},"63":{"start":{"line":64,"column":0},"end":{"line":64,"column":20}},"64":{"start":{"line":65,"column":0},"end":{"line":65,"column":13}},"65":{"start":{"line":66,"column":0},"end":{"line":66,"column":23}},"66":{"start":{"line":67,"column":0},"end":{"line":67,"column":37}},"67":{"start":{"line":68,"column":0},"end":{"line":68,"column":35}},"68":{"start":{"line":69,"column":0},"end":{"line":69,"column":29}},"69":{"start":{"line":70,"column":0},"end":{"line":70,"column":8}},"70":{"start":{"line":71,"column":0},"end":{"line":71,"column":27}},"71":{"start":{"line":72,"column":0},"end":{"line":72,"column":60}},"72":{"start":{"line":73,"column":0},"end":{"line":73,"column":6}},"73":{"start":{"line":74,"column":0},"end":{"line":74,"column":4}},"74":{"start":{"line":75,"column":0},"end":{"line":75,"column":2}}},"s":{"0":1,"1":1,"2":1,"3":5,"4":5,"5":5,"6":5,"7":1,"8":1,"9":1,"10":3,"11":3,"12":3,"13":3,"14":3,"15":3,"16":5,"17":3,"18":3,"19":3,"20":3,"21":3,"22":1,"23":1,"24":1,"25":1,"26":1,"27":1,"28":1,"29":1,"30":1,"31":1,"32":1,"33":3,"34":2,"35":2,"36":2,"37":2,"38":2,"39":2,"40":3,"41":1,"42":1,"43":2,"44":2,"45":2,"46":2,"47":1,"48":1,"49":1,"50":1,"51":1,"52":1,"53":1,"54":1,"55":1,"56":1,"57":1,"58":1,"59":1,"60":1,"61":1,"62":1,"63":1,"64":1,"65":1,"66":1,"67":1,"68":1,"69":1,"70":1,"71":1,"72":1,"73":2,"74":1},"branchMap":{"0":{"type":"branch","line":3,"loc":{"start":{"line":3,"column":29},"end":{"line":7,"column":2}},"locations":[{"start":{"line":3,"column":29},"end":{"line":7,"column":2}}]},"1":{"type":"branch","line":4,"loc":{"start":{"line":4,"column":21},"end":{"line":5,"column":51}},"locations":[{"start":{"line":4,"column":21},"end":{"line":5,"column":51}}]},"2":{"type":"branch","line":10,"loc":{"start":{"line":10,"column":8},"end":{"line":41,"column":4}},"locations":[{"start":{"line":10,"column":8},"end":{"line":41,"column":4}}]},"3":{"type":"branch","line":22,"loc":{"start":{"line":22,"column":14},"end":{"line":34,"column":5}},"locations":[{"start":{"line":22,"column":14},"end":{"line":34,"column":5}}]},"4":{"type":"branch","line":34,"loc":{"start":{"line":34,"column":5},"end":{"line":40,"column":5}},"locations":[{"start":{"line":34,"column":5},"end":{"line":40,"column":5}}]},"5":{"type":"branch","line":16,"loc":{"start":{"line":16,"column":32},"end":{"line":18,"column":47}},"locations":[{"start":{"line":16,"column":32},"end":{"line":18,"column":47}}]},"6":{"type":"branch","line":17,"loc":{"start":{"line":17,"column":35},"end":{"line":18,"column":47}},"locations":[{"start":{"line":17,"column":35},"end":{"line":18,"column":47}}]},"7":{"type":"branch","line":43,"loc":{"start":{"line":43,"column":8},"end":{"line":74,"column":4}},"locations":[{"start":{"line":43,"column":8},"end":{"line":74,"column":4}}]},"8":{"type":"branch","line":47,"loc":{"start":{"line":47,"column":22},"end":{"line":74,"column":3}},"locations":[{"start":{"line":47,"column":22},"end":{"line":74,"column":3}}]},"9":{"type":"branch","line":46,"loc":{"start":{"line":46,"column":40},"end":{"line":46,"column":71}},"locations":[{"start":{"line":46,"column":40},"end":{"line":46,"column":71}}]}},"b":{"0":[5],"1":[5],"2":[3],"3":[1],"4":[2],"5":[5],"6":[2],"7":[2],"8":[1],"9":[2]},"fnMap":{"0":{"name":"simulateNetworkDelay","decl":{"start":{"line":3,"column":29},"end":{"line":7,"column":2}},"loc":{"start":{"line":3,"column":29},"end":{"line":7,"column":2}},"line":3},"1":{"name":"login","decl":{"start":{"line":10,"column":8},"end":{"line":41,"column":4}},"loc":{"start":{"line":10,"column":8},"end":{"line":41,"column":4}},"line":10},"2":{"name":"register","decl":{"start":{"line":43,"column":8},"end":{"line":74,"column":4}},"loc":{"start":{"line":43,"column":8},"end":{"line":74,"column":4}},"line":43}},"f":{"0":5,"1":3,"2":2}}
,"C:\\Users\\Elena\\Лена\\Фронтенд\\FrontendMentor\\Intro-component\\src\\Versions\\legacy\\mocks\\test-users.js": {"path":"C:\\Users\\Elena\\Лена\\Фронтенд\\FrontendMentor\\Intro-component\\src\\Versions\\legacy\\mocks\\test-users.js","all":false,"statementMap":{"0":{"start":{"line":1,"column":0},"end":{"line":1,"column":26}},"1":{"start":{"line":2,"column":0},"end":{"line":2,"column":3}},"2":{"start":{"line":3,"column":0},"end":{"line":3,"column":10}},"3":{"start":{"line":4,"column":0},"end":{"line":4,"column":30}},"4":{"start":{"line":5,"column":0},"end":{"line":5,"column":25}},"5":{"start":{"line":6,"column":0},"end":{"line":6,"column":22}},"6":{"start":{"line":7,"column":0},"end":{"line":7,"column":21}},"7":{"start":{"line":8,"column":0},"end":{"line":8,"column":33}},"8":{"start":{"line":9,"column":0},"end":{"line":9,"column":4}},"9":{"start":{"line":10,"column":0},"end":{"line":10,"column":2}},"10":{"start":{"line":11,"column":0},"end":{"line":11,"column":0}},"11":{"start":{"line":12,"column":0},"end":{"line":12,"column":34}},"12":{"start":{"line":13,"column":0},"end":{"line":13,"column":23}},"13":{"start":{"line":14,"column":0},"end":{"line":14,"column":2}}},"s":{"0":1,"1":1,"2":1,"3":1,"4":1,"5":1,"6":1,"7":1,"8":1,"9":1,"10":1,"11":1,"12":1,"13":1},"branchMap":{"0":{"type":"branch","line":12,"loc":{"start":{"line":12,"column":23},"end":{"line":14,"column":2}},"locations":[{"start":{"line":12,"column":23},"end":{"line":14,"column":2}}]}},"b":{"0":[1]},"fnMap":{"0":{"name":"addUser","decl":{"start":{"line":12,"column":23},"end":{"line":14,"column":2}},"loc":{"start":{"line":12,"column":23},"end":{"line":14,"column":2}},"line":12}},"f":{"0":1}}
,"C:\\Users\\Elena\\Лена\\Фронтенд\\FrontendMentor\\Intro-component\\src\\Versions\\legacy\\services\\auth-service.js": {"path":"C:\\Users\\Elena\\Лена\\Фронтенд\\FrontendMentor\\Intro-component\\src\\Versions\\legacy\\services\\auth-service.js","all":false,"statementMap":{"0":{"start":{"line":1,"column":0},"end":{"line":1,"column":54}},"1":{"start":{"line":2,"column":0},"end":{"line":2,"column":0}},"2":{"start":{"line":3,"column":0},"end":{"line":3,"column":28}},"3":{"start":{"line":4,"column":0},"end":{"line":4,"column":28}},"4":{"start":{"line":5,"column":0},"end":{"line":5,"column":75}},"5":{"start":{"line":6,"column":0},"end":{"line":6,"column":9}},"6":{"start":{"line":7,"column":0},"end":{"line":7,"column":63}},"7":{"start":{"line":8,"column":0},"end":{"line":8,"column":67}},"8":{"start":{"line":9,"column":0},"end":{"line":9,"column":22}},"9":{"start":{"line":10,"column":0},"end":{"line":10,"column":21}},"10":{"start":{"line":11,"column":0},"end":{"line":11,"column":61}},"11":{"start":{"line":12,"column":0},"end":{"line":12,"column":14}},"12":{"start":{"line":13,"column":0},"end":{"line":13,"column":23}},"13":{"start":{"line":14,"column":0},"end":{"line":14,"column":31}},"14":{"start":{"line":15,"column":0},"end":{"line":15,"column":30}},"15":{"start":{"line":16,"column":0},"end":{"line":16,"column":8}},"16":{"start":{"line":17,"column":0},"end":{"line":17,"column":5}},"17":{"start":{"line":18,"column":0},"end":{"line":18,"column":4}},"18":{"start":{"line":19,"column":0},"end":{"line":19,"column":0}},"19":{"start":{"line":20,"column":0},"end":{"line":20,"column":28}},"20":{"start":{"line":21,"column":0},"end":{"line":21,"column":60}},"21":{"start":{"line":22,"column":0},"end":{"line":22,"column":9}},"22":{"start":{"line":23,"column":0},"end":{"line":23,"column":63}},"23":{"start":{"line":24,"column":0},"end":{"line":24,"column":63}},"24":{"start":{"line":25,"column":0},"end":{"line":25,"column":22}},"25":{"start":{"line":26,"column":0},"end":{"line":26,"column":21}},"26":{"start":{"line":27,"column":0},"end":{"line":27,"column":58}},"27":{"start":{"line":28,"column":0},"end":{"line":28,"column":14}},"28":{"start":{"line":29,"column":0},"end":{"line":29,"column":23}},"29":{"start":{"line":30,"column":0},"end":{"line":30,"column":31}},"30":{"start":{"line":31,"column":0},"end":{"line":31,"column":30}},"31":{"start":{"line":32,"column":0},"end":{"line":32,"column":8}},"32":{"start":{"line":33,"column":0},"end":{"line":33,"column":5}},"33":{"start":{"line":34,"column":0},"end":{"line":34,"column":4}},"34":{"start":{"line":35,"column":0},"end":{"line":35,"column":2}}},"s":{"0":1,"1":1,"2":1,"3":1,"4":2,"5":2,"6":2,"7":1,"8":1,"9":1,"10":1,"11":1,"12":1,"13":1,"14":1,"15":1,"16":1,"17":2,"18":1,"19":1,"20":2,"21":2,"22":2,"23":1,"24":1,"25":1,"26":1,"27":1,"28":1,"29":1,"30":1,"31":1,"32":1,"33":2,"34":1},"branchMap":{"0":{"type":"branch","line":4,"loc":{"start":{"line":4,"column":8},"end":{"line":18,"column":4}},"locations":[{"start":{"line":4,"column":8},"end":{"line":18,"column":4}}]},"1":{"type":"branch","line":8,"loc":{"start":{"line":8,"column":-2},"end":{"line":17,"column":5}},"locations":[{"start":{"line":8,"column":-2},"end":{"line":17,"column":5}}]},"2":{"type":"branch","line":20,"loc":{"start":{"line":20,"column":8},"end":{"line":34,"column":4}},"locations":[{"start":{"line":20,"column":8},"end":{"line":34,"column":4}}]},"3":{"type":"branch","line":24,"loc":{"start":{"line":24,"column":-2},"end":{"line":33,"column":5}},"locations":[{"start":{"line":24,"column":-2},"end":{"line":33,"column":5}}]}},"b":{"0":[2],"1":[1],"2":[2],"3":[1]},"fnMap":{"0":{"name":"login","decl":{"start":{"line":4,"column":8},"end":{"line":18,"column":4}},"loc":{"start":{"line":4,"column":8},"end":{"line":18,"column":4}},"line":4},"1":{"name":"register","decl":{"start":{"line":20,"column":8},"end":{"line":34,"column":4}},"loc":{"start":{"line":20,"column":8},"end":{"line":34,"column":4}},"line":20}},"f":{"0":2,"1":2}}
,"C:\\Users\\Elena\\Лена\\Фронтенд\\FrontendMentor\\Intro-component\\src\\Versions\\legacy\\utils\\validation.js": {"path":"C:\\Users\\Elena\\Лена\\Фронтенд\\FrontendMentor\\Intro-component\\src\\Versions\\legacy\\utils\\validation.js","all":false,"statementMap":{"0":{"start":{"line":1,"column":0},"end":{"line":1,"column":69}},"1":{"start":{"line":2,"column":0},"end":{"line":2,"column":39}},"2":{"start":{"line":3,"column":0},"end":{"line":3,"column":40}},"3":{"start":{"line":4,"column":0},"end":{"line":4,"column":62}},"4":{"start":{"line":5,"column":0},"end":{"line":5,"column":54}},"5":{"start":{"line":6,"column":0},"end":{"line":6,"column":80}},"6":{"start":{"line":7,"column":0},"end":{"line":7,"column":64}},"7":{"start":{"line":8,"column":0},"end":{"line":8,"column":109}},"8":{"start":{"line":9,"column":0},"end":{"line":9,"column":57}},"9":{"start":{"line":10,"column":0},"end":{"line":10,"column":95}},"10":{"start":{"line":11,"column":0},"end":{"line":11,"column":3}},"11":{"start":{"line":12,"column":0},"end":{"line":12,"column":0}},"12":{"start":{"line":13,"column":0},"end":{"line":13,"column":51}},"13":{"start":{"line":14,"column":0},"end":{"line":14,"column":60}},"14":{"start":{"line":15,"column":0},"end":{"line":15,"column":52}},"15":{"start":{"line":16,"column":0},"end":{"line":16,"column":0}},"16":{"start":{"line":17,"column":0},"end":{"line":17,"column":44}},"17":{"start":{"line":18,"column":0},"end":{"line":18,"column":29}},"18":{"start":{"line":19,"column":0},"end":{"line":19,"column":3}},"19":{"start":{"line":20,"column":0},"end":{"line":20,"column":0}},"20":{"start":{"line":21,"column":0},"end":{"line":21,"column":36}},"21":{"start":{"line":22,"column":0},"end":{"line":22,"column":0}},"22":{"start":{"line":23,"column":0},"end":{"line":23,"column":43}},"23":{"start":{"line":24,"column":0},"end":{"line":24,"column":59}},"24":{"start":{"line":25,"column":0},"end":{"line":25,"column":79}},"25":{"start":{"line":26,"column":0},"end":{"line":26,"column":2}},"26":{"start":{"line":27,"column":0},"end":{"line":27,"column":56}},"27":{"start":{"line":28,"column":0},"end":{"line":28,"column":56}},"28":{"start":{"line":29,"column":0},"end":{"line":29,"column":0}},"29":{"start":{"line":30,"column":0},"end":{"line":30,"column":52}},"30":{"start":{"line":31,"column":0},"end":{"line":31,"column":71}},"31":{"start":{"line":32,"column":0},"end":{"line":32,"column":0}},"32":{"start":{"line":33,"column":0},"end":{"line":33,"column":12}},"33":{"start":{"line":34,"column":0},"end":{"line":34,"column":2}},"34":{"start":{"line":35,"column":0},"end":{"line":35,"column":0}},"35":{"start":{"line":36,"column":0},"end":{"line":36,"column":32}},"36":{"start":{"line":37,"column":0},"end":{"line":37,"column":62}},"37":{"start":{"line":38,"column":0},"end":{"line":38,"column":52}},"38":{"start":{"line":39,"column":0},"end":{"line":39,"column":0}},"39":{"start":{"line":40,"column":0},"end":{"line":40,"column":44}},"40":{"start":{"line":41,"column":0},"end":{"line":41,"column":29}},"41":{"start":{"line":42,"column":0},"end":{"line":42,"column":3}},"42":{"start":{"line":43,"column":0},"end":{"line":43,"column":0}},"43":{"start":{"line":44,"column":0},"end":{"line":44,"column":36}},"44":{"start":{"line":45,"column":0},"end":{"line":45,"column":43}},"45":{"start":{"line":46,"column":0},"end":{"line":46,"column":56}},"46":{"start":{"line":47,"column":0},"end":{"line":47,"column":0}},"47":{"start":{"line":48,"column":0},"end":{"line":48,"column":145}},"48":{"start":{"line":49,"column":0},"end":{"line":49,"column":72}},"49":{"start":{"line":50,"column":0},"end":{"line":50,"column":0}},"50":{"start":{"line":51,"column":0},"end":{"line":51,"column":12}},"51":{"start":{"line":52,"column":0},"end":{"line":52,"column":2}},"52":{"start":{"line":53,"column":0},"end":{"line":53,"column":0}},"53":{"start":{"line":54,"column":0},"end":{"line":54,"column":35}},"54":{"start":{"line":55,"column":0},"end":{"line":55,"column":68}},"55":{"start":{"line":56,"column":0},"end":{"line":56,"column":52}},"56":{"start":{"line":57,"column":0},"end":{"line":57,"column":0}},"57":{"start":{"line":58,"column":0},"end":{"line":58,"column":44}},"58":{"start":{"line":59,"column":0},"end":{"line":59,"column":29}},"59":{"start":{"line":60,"column":0},"end":{"line":60,"column":3}},"60":{"start":{"line":61,"column":0},"end":{"line":61,"column":0}},"61":{"start":{"line":62,"column":0},"end":{"line":62,"column":36}},"62":{"start":{"line":63,"column":0},"end":{"line":63,"column":43}},"63":{"start":{"line":64,"column":0},"end":{"line":64,"column":56}},"64":{"start":{"line":65,"column":0},"end":{"line":65,"column":56}},"65":{"start":{"line":66,"column":0},"end":{"line":66,"column":0}},"66":{"start":{"line":67,"column":0},"end":{"line":67,"column":104}},"67":{"start":{"line":68,"column":0},"end":{"line":68,"column":78}},"68":{"start":{"line":69,"column":0},"end":{"line":69,"column":0}},"69":{"start":{"line":70,"column":0},"end":{"line":70,"column":12}},"70":{"start":{"line":71,"column":0},"end":{"line":71,"column":2}}},"s":{"0":1,"1":89,"2":89,"3":89,"4":89,"5":89,"6":89,"7":89,"8":89,"9":89,"10":1,"11":1,"12":1,"13":1,"14":68,"15":68,"16":68,"17":2,"18":2,"19":66,"20":66,"21":66,"22":68,"23":68,"24":68,"25":24,"26":68,"27":68,"28":20,"29":20,"30":20,"31":0,"32":0,"33":0,"34":1,"35":1,"36":1,"37":10,"38":10,"39":10,"40":1,"41":1,"42":9,"43":9,"44":10,"45":10,"46":7,"47":7,"48":10,"49":3,"50":3,"51":3,"52":1,"53":1,"54":1,"55":11,"56":11,"57":11,"58":1,"59":1,"60":10,"61":10,"62":11,"63":11,"64":11,"65":7,"66":7,"67":11,"68":4,"69":4,"70":4},"branchMap":{"0":{"type":"branch","line":1,"loc":{"start":{"line":1,"column":37},"end":{"line":11,"column":2}},"locations":[{"start":{"line":1,"column":37},"end":{"line":11,"column":2}}]},"1":{"type":"branch","line":14,"loc":{"start":{"line":14,"column":28},"end":{"line":34,"column":2}},"locations":[{"start":{"line":14,"column":28},"end":{"line":34,"column":2}}]},"2":{"type":"branch","line":17,"loc":{"start":{"line":17,"column":12},"end":{"line":17,"column":41}},"locations":[{"start":{"line":17,"column":12},"end":{"line":17,"column":41}}]},"3":{"type":"branch","line":17,"loc":{"start":{"line":17,"column":43},"end":{"line":19,"column":3}},"locations":[{"start":{"line":17,"column":43},"end":{"line":19,"column":3}}]},"4":{"type":"branch","line":20,"loc":{"start":{"line":20,"column":-2},"end":{"line":23,"column":28}},"locations":[{"start":{"line":20,"column":-2},"end":{"line":23,"column":28}}]},"5":{"type":"branch","line":23,"loc":{"start":{"line":23,"column":21},"end":{"line":23,"column":43}},"locations":[{"start":{"line":23,"column":21},"end":{"line":23,"column":43}}]},"6":{"type":"branch","line":24,"loc":{"start":{"line":24,"column":-2},"end":{"line":24,"column":35}},"locations":[{"start":{"line":24,"column":-2},"end":{"line":24,"column":35}}]},"7":{"type":"branch","line":24,"loc":{"start":{"line":24,"column":28},"end":{"line":24,"column":59}},"locations":[{"start":{"line":24,"column":28},"end":{"line":24,"column":59}}]},"8":{"type":"branch","line":25,"loc":{"start":{"line":25,"column":-2},"end":{"line":25,"column":56}},"locations":[{"start":{"line":25,"column":-2},"end":{"line":25,"column":56}}]},"9":{"type":"branch","line":25,"loc":{"start":{"line":25,"column":49},"end":{"line":25,"column":79}},"locations":[{"start":{"line":25,"column":49},"end":{"line":25,"column":79}}]},"10":{"type":"branch","line":26,"loc":{"start":{"line":26,"column":-2},"end":{"line":27,"column":38}},"locations":[{"start":{"line":26,"column":-2},"end":{"line":27,"column":38}}]},"11":{"type":"branch","line":27,"loc":{"start":{"line":27,"column":31},"end":{"line":27,"column":56}},"locations":[{"start":{"line":27,"column":31},"end":{"line":27,"column":56}}]},"12":{"type":"branch","line":28,"loc":{"start":{"line":28,"column":-2},"end":{"line":28,"column":39}},"locations":[{"start":{"line":28,"column":-2},"end":{"line":28,"column":39}}]},"13":{"type":"branch","line":28,"loc":{"start":{"line":28,"column":32},"end":{"line":28,"column":56}},"locations":[{"start":{"line":28,"column":32},"end":{"line":28,"column":56}}]},"14":{"type":"branch","line":29,"loc":{"start":{"line":29,"column":-2},"end":{"line":31,"column":71}},"locations":[{"start":{"line":29,"column":-2},"end":{"line":31,"column":71}}]},"15":{"type":"branch","line":32,"loc":{"start":{"line":32,"column":-2},"end":{"line":34,"column":2}},"locations":[{"start":{"line":32,"column":-2},"end":{"line":34,"column":2}}]},"16":{"type":"branch","line":37,"loc":{"start":{"line":37,"column":29},"end":{"line":52,"column":2}},"locations":[{"start":{"line":37,"column":29},"end":{"line":52,"column":2}}]},"17":{"type":"branch","line":40,"loc":{"start":{"line":40,"column":12},"end":{"line":40,"column":41}},"locations":[{"start":{"line":40,"column":12},"end":{"line":40,"column":41}}]},"18":{"type":"branch","line":40,"loc":{"start":{"line":40,"column":43},"end":{"line":42,"column":3}},"locations":[{"start":{"line":40,"column":43},"end":{"line":42,"column":3}}]},"19":{"type":"branch","line":43,"loc":{"start":{"line":43,"column":-2},"end":{"line":45,"column":28}},"locations":[{"start":{"line":43,"column":-2},"end":{"line":45,"column":28}}]},"20":{"type":"branch","line":45,"loc":{"start":{"line":45,"column":21},"end":{"line":45,"column":43}},"locations":[{"start":{"line":45,"column":21},"end":{"line":45,"column":43}}]},"21":{"type":"branch","line":46,"loc":{"start":{"line":46,"column":-2},"end":{"line":46,"column":38}},"locations":[{"start":{"line":46,"column":-2},"end":{"line":46,"column":38}}]},"22":{"type":"branch","line":46,"loc":{"start":{"line":46,"column":31},"end":{"line":46,"column":56}},"locations":[{"start":{"line":46,"column":31},"end":{"line":46,"column":56}}]},"23":{"type":"branch","line":47,"loc":{"start":{"line":47,"column":-2},"end":{"line":49,"column":50}},"locations":[{"start":{"line":47,"column":-2},"end":{"line":49,"column":50}}]},"24":{"type":"branch","line":49,"loc":{"start":{"line":49,"column":43},"end":{"line":49,"column":72}},"locations":[{"start":{"line":49,"column":43},"end":{"line":49,"column":72}}]},"25":{"type":"branch","line":50,"loc":{"start":{"line":50,"column":-2},"end":{"line":52,"column":2}},"locations":[{"start":{"line":50,"column":-2},"end":{"line":52,"column":2}}]},"26":{"type":"branch","line":55,"loc":{"start":{"line":55,"column":32},"end":{"line":71,"column":2}},"locations":[{"start":{"line":55,"column":32},"end":{"line":71,"column":2}}]},"27":{"type":"branch","line":58,"loc":{"start":{"line":58,"column":12},"end":{"line":58,"column":41}},"locations":[{"start":{"line":58,"column":12},"end":{"line":58,"column":41}}]},"28":{"type":"branch","line":58,"loc":{"start":{"line":58,"column":43},"end":{"line":60,"column":3}},"locations":[{"start":{"line":58,"column":43},"end":{"line":60,"column":3}}]},"29":{"type":"branch","line":61,"loc":{"start":{"line":61,"column":-2},"end":{"line":63,"column":28}},"locations":[{"start":{"line":61,"column":-2},"end":{"line":63,"column":28}}]},"30":{"type":"branch","line":63,"loc":{"start":{"line":63,"column":21},"end":{"line":63,"column":43}},"locations":[{"start":{"line":63,"column":21},"end":{"line":63,"column":43}}]},"31":{"type":"branch","line":64,"loc":{"start":{"line":64,"column":-2},"end":{"line":64,"column":38}},"locations":[{"start":{"line":64,"column":-2},"end":{"line":64,"column":38}}]},"32":{"type":"branch","line":64,"loc":{"start":{"line":64,"column":31},"end":{"line":64,"column":56}},"locations":[{"start":{"line":64,"column":31},"end":{"line":64,"column":56}}]},"33":{"type":"branch","line":65,"loc":{"start":{"line":65,"column":-2},"end":{"line":65,"column":39}},"locations":[{"start":{"line":65,"column":-2},"end":{"line":65,"column":39}}]},"34":{"type":"branch","line":65,"loc":{"start":{"line":65,"column":32},"end":{"line":65,"column":56}},"locations":[{"start":{"line":65,"column":32},"end":{"line":65,"column":56}}]},"35":{"type":"branch","line":66,"loc":{"start":{"line":66,"column":-2},"end":{"line":68,"column":53}},"locations":[{"start":{"line":66,"column":-2},"end":{"line":68,"column":53}}]},"36":{"type":"branch","line":68,"loc":{"start":{"line":68,"column":46},"end":{"line":68,"column":78}},"locations":[{"start":{"line":68,"column":46},"end":{"line":68,"column":78}}]},"37":{"type":"branch","line":69,"loc":{"start":{"line":69,"column":-2},"end":{"line":71,"column":2}},"locations":[{"start":{"line":69,"column":-2},"end":{"line":71,"column":2}}]}},"b":{"0":[89],"1":[68],"2":[66],"3":[2],"4":[66],"5":[2],"6":[64],"7":[8],"8":[56],"9":[32],"10":[24],"11":[2],"12":[22],"13":[2],"14":[20],"15":[0],"16":[10],"17":[9],"18":[1],"19":[9],"20":[1],"21":[8],"22":[1],"23":[7],"24":[4],"25":[3],"26":[11],"27":[10],"28":[1],"29":[10],"30":[1],"31":[9],"32":[1],"33":[8],"34":[1],"35":[7],"36":[3],"37":[4]},"fnMap":{"0":{"name":"getvalidationMessages","decl":{"start":{"line":1,"column":37},"end":{"line":11,"column":2}},"loc":{"start":{"line":1,"column":37},"end":{"line":11,"column":2}},"line":1},"1":{"name":"validateName","decl":{"start":{"line":14,"column":28},"end":{"line":34,"column":2}},"loc":{"start":{"line":14,"column":28},"end":{"line":34,"column":2}},"line":14},"2":{"name":"validateEmail","decl":{"start":{"line":37,"column":29},"end":{"line":52,"column":2}},"loc":{"start":{"line":37,"column":29},"end":{"line":52,"column":2}},"line":37},"3":{"name":"validatePassword","decl":{"start":{"line":55,"column":32},"end":{"line":71,"column":2}},"loc":{"start":{"line":55,"column":32},"end":{"line":71,"column":2}},"line":55}},"f":{"0":89,"1":68,"2":10,"3":11}}
}
