TN:
SF:src\Versions\legacy\mocks\auth-server.js
FN:3,simulateNetworkDelay
FN:10,login
FN:43,register
FNF:3
FNH:3
FNDA:5,simulateNetworkDelay
FNDA:3,login
FNDA:2,register
DA:1,1
DA:2,1
DA:3,1
DA:4,5
DA:5,5
DA:6,5
DA:7,5
DA:8,1
DA:9,1
DA:10,1
DA:11,3
DA:12,3
DA:13,3
DA:14,3
DA:15,3
DA:16,3
DA:17,5
DA:18,3
DA:19,3
DA:20,3
DA:21,3
DA:22,3
DA:23,1
DA:24,1
DA:25,1
DA:26,1
DA:27,1
DA:28,1
DA:29,1
DA:30,1
DA:31,1
DA:32,1
DA:33,1
DA:34,3
DA:35,2
DA:36,2
DA:37,2
DA:38,2
DA:39,2
DA:40,2
DA:41,3
DA:42,1
DA:43,1
DA:44,2
DA:45,2
DA:46,2
DA:47,2
DA:48,1
DA:49,1
DA:50,1
DA:51,1
DA:52,1
DA:53,1
DA:54,1
DA:55,1
DA:56,1
DA:57,1
DA:58,1
DA:59,1
DA:60,1
DA:61,1
DA:62,1
DA:63,1
DA:64,1
DA:65,1
DA:66,1
DA:67,1
DA:68,1
DA:69,1
DA:70,1
DA:71,1
DA:72,1
DA:73,1
DA:74,2
DA:75,1
LF:75
LH:75
BRDA:3,0,0,5
BRDA:4,1,0,5
BRDA:10,2,0,3
BRDA:22,3,0,1
BRDA:34,4,0,2
BRDA:16,5,0,5
BRDA:17,6,0,2
BRDA:43,7,0,2
BRDA:47,8,0,1
BRDA:46,9,0,2
BRF:10
BRH:10
end_of_record
TN:
SF:src\Versions\legacy\mocks\test-users.js
FN:12,addUser
FNF:1
FNH:1
FNDA:1,addUser
DA:1,1
DA:2,1
DA:3,1
DA:4,1
DA:5,1
DA:6,1
DA:7,1
DA:8,1
DA:9,1
DA:10,1
DA:11,1
DA:12,1
DA:13,1
DA:14,1
LF:14
LH:14
BRDA:12,0,0,1
BRF:1
BRH:1
end_of_record
