TN:
SF:src\Versions\legacy\utils\validation.js
FN:1,getvalidationMessages
FN:14,validateName
FN:36,validateEmail
FN:54,validatePassword
FNF:4
FNH:2
FNDA:10,getvalidationMessages
FNDA:0,validateName
FNDA:10,validateEmail
FNDA:0,validatePassword
DA:1,1
DA:2,10
DA:3,10
DA:4,10
DA:5,10
DA:6,10
DA:7,10
DA:8,10
DA:9,10
DA:10,10
DA:11,1
DA:12,1
DA:13,1
DA:14,1
DA:15,0
DA:16,0
DA:17,0
DA:18,0
DA:19,0
DA:20,0
DA:21,0
DA:22,0
DA:23,0
DA:24,0
DA:25,0
DA:26,0
DA:27,0
DA:28,0
DA:29,0
DA:30,0
DA:31,0
DA:32,0
DA:33,0
DA:34,1
DA:35,1
DA:36,1
DA:37,10
DA:38,10
DA:39,10
DA:40,1
DA:41,1
DA:42,9
DA:43,9
DA:44,10
DA:45,10
DA:46,7
DA:47,7
DA:48,10
DA:49,3
DA:50,3
DA:51,3
DA:52,1
DA:53,1
DA:54,1
DA:55,0
DA:56,0
DA:57,0
DA:58,0
DA:59,0
DA:60,0
DA:61,0
DA:62,0
DA:63,0
DA:64,0
DA:65,0
DA:66,0
DA:67,0
DA:68,0
LF:68
LH:35
BRDA:1,0,0,10
BRDA:36,1,0,10
BRDA:39,2,0,9
BRDA:39,3,0,1
BRDA:41,4,0,9
BRDA:44,5,0,1
BRDA:44,6,0,8
BRDA:45,7,0,1
BRDA:45,8,0,7
BRDA:48,9,0,4
BRDA:48,10,0,3
BRF:11
BRH:11
end_of_record
